#
# A fatal error has been detected by the Java Runtime Environment:
#
#  EXCEPTION_ACCESS_VIOLATION (0xc0000005) at pc=0x00007ffa9b9ca1a5, pid=3908, tid=4348
#
# JRE version: Java(TM) SE Runtime Environment (9.0+11) (build 9.0.4+11)
# Java VM: Java HotSpot(TM) 64-Bit Server VM (9.0.4+11, mixed mode, tiered, compressed oops, g1 gc, windows-amd64)
# Problematic frame:
# C  [librdi_common.dll+0x17a1a5]
#
# No core dump will be written. Minidumps are not enabled by default on client versions of Windows
#
# If you would like to submit a bug report, please visit:
#   http://bugreport.java.com/bugreport/crash.jsp
# The crash happened outside the Java Virtual Machine in native code.
# See problematic frame for where to report the bug.
#

---------------  S U M M A R Y ------------

Command Line: -Dsun.java2d.pmoffscreen=false -Dsun.java2d.xrender=false -Dsun.java2d.d3d=false -Dsun.awt.nopixfmt=true -Dsun.java2d.dpiaware=true -Dsun.java2d.uiScale.enabled=false -Xverify:none -Dswing.aatext=true -XX:-UsePerfData -Djdk.map.althashing.threshold=512 -XX:StringTableSize=4072 --add-opens=java.base/java.nio=ALL-UNNAMED --add-opens=java.desktop/sun.swing=ALL-UNNAMED --add-opens=java.desktop/javax.swing=ALL-UNNAMED --add-opens=java.desktop/javax.swing.tree=ALL-UNNAMED --add-opens=java.desktop/javax.swing.plaf.basic=ALL-UNNAMED --add-opens=java.desktop/javax.swing.plaf.synth=ALL-UNNAMED --add-opens=java.desktop/com.sun.awt=ALL-UNNAMED -XX:NewSize=60m -XX:MaxNewSize=60m -Xms128m -Xmx3072m -Xss5m 

Host: AMD Ryzen 5 3500U with Radeon Vega Mobile Gfx  , 8 cores, 5G,  Windows 10 , 64 bit Build 22000 (10.0.22000.708)
Time: Sun Aug 21 16:54:40 2022 India Standard Time elapsed time: 686 seconds (0d 0h 11m 26s)

---------------  T H R E A D  ---------------

Current thread (0x00000153940bc000):  JavaThread "AWT-EventQueue-1" [_thread_in_native, id=4348, stack(0x00000003cf400000,0x00000003cf900000)]

Stack: [0x00000003cf400000,0x00000003cf900000],  sp=0x00000003cf8faa60,  free space=5098k
Native frames: (J=compiled Java code, j=interpreted, Vv=VM code, C=native code)
C  [librdi_common.dll+0x17a1a5]
C  [librdi_common.dll+0x16ee15]
C  [librdi_common.dll+0x1386da]
C  [librdi_wavedata.dll+0x1e1eff]
C  [librdi_wavedata.dll+0x2621df]
C  [librdi_wavedata.dll+0x269e19]
C  [librdi_wavedata.dll+0x23a4cb]
C  [librdi_wavedata.dll+0x276de7]
C  0x00000153889d41ba

Java frames: (J=compiled Java code, j=interpreted, Vv=VM code)
J 17528  ui.views.waveform.waveformi.WVExecutive_getTooltipTextDelayed(J)Ljava/lang/String; (0 bytes) @ 0x00000153889d4121 [0x00000153889d40e0+0x0000000000000041]
J 17539 c1 ui.views.waveform.b.a.bG(Ljava/awt/event/MouseEvent;)V (135 bytes) @ 0x0000015382343ca4 [0x0000015382343600+0x00000000000006a4]
J 17535 c1 ui.views.waveform.b.a.mouseMoved(Ljava/awt/event/MouseEvent;)V (32 bytes) @ 0x00000153820447cc [0x00000153820442a0+0x000000000000052c]
J 14881 c2 java.awt.AWTEventMulticaster.mouseMoved(Ljava/awt/event/MouseEvent;)V java.desktop@9.0.4 (27 bytes) @ 0x000001538874c674 [0x000001538874c5c0+0x00000000000000b4]
J 14881 c2 java.awt.AWTEventMulticaster.mouseMoved(Ljava/awt/event/MouseEvent;)V java.desktop@9.0.4 (27 bytes) @ 0x000001538874c634 [0x000001538874c5c0+0x0000000000000074]
J 12793 c1 java.awt.Component.processMouseMotionEvent(Ljava/awt/event/MouseEvent;)V java.desktop@9.0.4 (58 bytes) @ 0x0000015380780304 [0x0000015380780060+0x00000000000002a4]
J 19769 c1 javax.swing.JComponent.processMouseMotionEvent(Ljava/awt/event/MouseEvent;)V java.desktop@9.0.4 (46 bytes) @ 0x0000015382f3e6ec [0x0000015382f3e140+0x00000000000005ac]
J 17297 c1 ui.frmwork.c.i.processMouseMotionEvent(Ljava/awt/event/MouseEvent;)V (131 bytes) @ 0x00000153819da544 [0x00000153819d9680+0x0000000000000ec4]
J 12754 c2 java.awt.Container.processEvent(Ljava/awt/AWTEvent;)V java.desktop@9.0.4 (22 bytes) @ 0x0000015387c75398 [0x0000015387c75220+0x0000000000000178]
J 14974 c2 java.awt.Component.dispatchEventImpl(Ljava/awt/AWTEvent;)V java.desktop@9.0.4 (739 bytes) @ 0x000001538877f47c [0x000001538877e9e0+0x0000000000000a9c]
J 15930 c2 java.awt.Container.dispatchEventImpl(Ljava/awt/AWTEvent;)V java.desktop@9.0.4 (129 bytes) @ 0x000001538888e418 [0x000001538888e3c0+0x0000000000000058]
J 13563 c2 java.awt.LightweightDispatcher.retargetMouseEvent(Ljava/awt/Component;ILjava/awt/event/MouseEvent;)V java.desktop@9.0.4 (350 bytes) @ 0x000001538868d514 [0x000001538868cf60+0x00000000000005b4]
J 18403 c2 java.awt.LightweightDispatcher.processMouseEvent(Ljava/awt/event/MouseEvent;)Z java.desktop@9.0.4 (265 bytes) @ 0x0000015388b224f4 [0x0000015388b21cc0+0x0000000000000834]
J 15930 c2 java.awt.Container.dispatchEventImpl(Ljava/awt/AWTEvent;)V java.desktop@9.0.4 (129 bytes) @ 0x000001538888e710 [0x000001538888e3c0+0x0000000000000350]
J 18407 c2 java.awt.Window.dispatchEventImpl(Ljava/awt/AWTEvent;)V java.desktop@9.0.4 (23 bytes) @ 0x0000015388b27d8c [0x0000015388b27d40+0x000000000000004c]
J 13753 c2 java.awt.EventQueue$3.run()Ljava/lang/Object; java.desktop@9.0.4 (5 bytes) @ 0x00000153886e94ec [0x00000153886e8f00+0x00000000000005ec]
v  ~StubRoutines::call_stub
J 3876  java.security.AccessController.doPrivileged(Ljava/security/PrivilegedAction;Ljava/security/AccessControlContext;)Ljava/lang/Object; java.base@9.0.4 (0 bytes) @ 0x0000015387cf6046 [0x0000015387cf5fe0+0x0000000000000066]
J 14976 c2 java.awt.EventQueue$4.run()Ljava/lang/Object; java.desktop@9.0.4 (5 bytes) @ 0x00000153887848c0 [0x0000015388784660+0x0000000000000260]
v  ~StubRoutines::call_stub
J 3876  java.security.AccessController.doPrivileged(Ljava/security/PrivilegedAction;Ljava/security/AccessControlContext;)Ljava/lang/Object; java.base@9.0.4 (0 bytes) @ 0x0000015387cf6046 [0x0000015387cf5fe0+0x0000000000000066]
J 13750 c2 ui.frmwork.b.d.dispatchEvent(Ljava/awt/AWTEvent;)V (34 bytes) @ 0x00000153886e6ec8 [0x00000153886e6a80+0x0000000000000448]
J 13758 c2 java.awt.EventDispatchThread.pumpOneEventForFilters(I)V java.desktop@9.0.4 (218 bytes) @ 0x00000153886f0c0c [0x00000153886f0960+0x00000000000002ac]
J 19509% c1 java.awt.EventDispatchThread.pumpEventsForFilter(ILjava/awt/Conditional;Ljava/awt/EventFilter;)V java.desktop@9.0.4 (47 bytes) @ 0x0000015382e30de4 [0x0000015382e30aa0+0x0000000000000344]
j  java.awt.EventDispatchThread.pumpEventsForHierarchy(ILjava/awt/Conditional;Ljava/awt/Component;)V+11 java.desktop@9.0.4
j  java.awt.EventDispatchThread.pumpEvents(ILjava/awt/Conditional;)V+4 java.desktop@9.0.4
j  java.awt.EventDispatchThread.pumpEvents(Ljava/awt/Conditional;)V+3 java.desktop@9.0.4
j  java.awt.EventDispatchThread.run()V+9 java.desktop@9.0.4
v  ~StubRoutines::call_stub

siginfo: EXCEPTION_ACCESS_VIOLATION (0xc0000005), reading address 0xffffffffffffffff


Register to memory mapping:

RIP=0x00007ffa9b9ca1a5 librdi_common.dll
RAX=0x00000153e9b41001 is an unknown value
RBX=0x9002a52048059d0f is an unknown value
RCX=0x00000153e9b41000 is an unknown value
RDX=0x9002a52048059d0f is an unknown value
RSP=0x00000003cf8faa60 is pointing into the stack for thread: 0x00000153940bc000
RBP=0x00000003cf8fab90 is pointing into the stack for thread: 0x00000153940bc000
RSI=0x000001539630bd20 is an unknown value
RDI=0x00000003cf8fac78 is pointing into the stack for thread: 0x00000153940bc000
R8 =0x00000003cf8fac78 is pointing into the stack for thread: 0x00000153940bc000
R9 =0x0000000000000000 is an unknown value
R10=0x00007ffad21c0000 VCRUNTIME140.dll
R11=0x00007ffad21c15d1 VCRUNTIME140.dll
R12=0x00000003cf8fac78 is pointing into the stack for thread: 0x00000153940bc000
R13=0x0000000000000000 is an unknown value
R14=0x00000153e6fec810 is an unknown value
R15=0x9002a52048059d0f is an unknown value


Registers:
RAX=0x00000153e9b41001, RBX=0x9002a52048059d0f, RCX=0x00000153e9b41000, RDX=0x9002a52048059d0f
RSP=0x00000003cf8faa60, RBP=0x00000003cf8fab90, RSI=0x000001539630bd20, RDI=0x00000003cf8fac78
R8 =0x00000003cf8fac78, R9 =0x0000000000000000, R10=0x00007ffad21c0000, R11=0x00007ffad21c15d1
R12=0x00000003cf8fac78, R13=0x0000000000000000, R14=0x00000153e6fec810, R15=0x9002a52048059d0f
RIP=0x00007ffa9b9ca1a5, EFLAGS=0x0000000000010202

Top of Stack: (sp=0x00000003cf8faa60)
0x00000003cf8faa60:   00000003cf8fae10 00007ffab82431c5
0x00000003cf8faa70:   0000000300000000 9002a52048059d0f
0x00000003cf8faa80:   9002a52048059d0f 00007ffa9b9bee15
0x00000003cf8faa90:   0000015399042908 00007ffab824355f
0x00000003cf8faaa0:   000081ca03e9d9fc 0000000000000028
0x00000003cf8faab0:   0000000000ab2069 0000015395bce270
0x00000003cf8faac0:   0000000000000002 00007ffa9ba28985
0x00000003cf8faad0:   00000153f3e1e8e0 00000153990428e8
0x00000003cf8faae0:   0000015399042928 00007ffa9c683fe0
0x00000003cf8faaf0:   fffffffffffffffe 00007ffa9bf96a6d
0x00000003cf8fab00:   fffffffffffffffe 00007ffa9c683fe0
0x00000003cf8fab10:   00000153990428e0 00000153e6fa2af8
0x00000003cf8fab20:   00000003cf8fac78 00007ffa9ba27c76
0x00000003cf8fab30:   00000153990428e0 00000003cf8fac78
0x00000003cf8fab40:   0000015300000002 0000000000000000
0x00000003cf8fab50:   fffffffffffffffe 000000000000000f 

Instructions: (pc=0x00007ffa9b9ca1a5)
0x00007ffa9b9ca185:   20 48 8b d9 e8 22 c4 04 00 48 8b c8 48 8b d3 e8
0x00007ffa9b9ca195:   27 0d 05 00 84 c0 75 08 33 c0 48 83 c4 20 5b c3
0x00007ffa9b9ca1a5:   48 8b 4b 50 48 85 c9 74 0a 48 83 c4 20 5b e9 68
0x00007ffa9b9ca1b5:   e2 04 00 48 8b d3 48 8d 0d 26 fc 73 00 e8 59 b7 



---------------  P R O C E S S  ---------------

Java Threads: ( => current thread )
  0x00000153f3b48800 JavaThread "Relaunch Simulation" [_thread_blocked, id=11952, stack(0x00000003d2e00000,0x00000003d3300000)]
  0x00000153f3b4a800 JavaThread "SyntheticaAnimation 50" daemon [_thread_blocked, id=2520, stack(0x00000003d2100000,0x00000003d2600000)]
  0x00000153f3b46000 JavaThread "Monitor File Timestamp Swing Worker" [_thread_blocked, id=11800, stack(0x00000003d3f00000,0x00000003d4400000)]
  0x00000153f3b45800 JavaThread "Timer-1" [_thread_blocked, id=12508, stack(0x00000003d3500000,0x00000003d3a00000)]
  0x00000153f3b3e800 JavaThread "Image Animator 0" daemon [_thread_blocked, id=8732, stack(0x00000003d3a00000,0x00000003d3f00000)]
  0x00000153f3b40000 JavaThread "SyntheticaAnimation 50" daemon [_thread_blocked, id=14008, stack(0x00000003d1000000,0x00000003d1500000)]
  0x00000153f3b44000 JavaThread "Update Runs Swing Worker" [_thread_blocked, id=7256, stack(0x00000003d2900000,0x00000003d2e00000)]
  0x00000153f3b41000 JavaThread "hw_ila_monitor" [_thread_blocked, id=12548, stack(0x00000003ce500000,0x00000003cea00000)]
  0x00000153f2dcc000 JavaThread "Refresh Filesets Swing Worker" [_thread_blocked, id=9356, stack(0x00000003d1a00000,0x00000003d1f00000)]
  0x00000153f2dcb000 JavaThread "SyntheticaAnimation 70" daemon [_thread_blocked, id=4824, stack(0x00000003d1500000,0x00000003d1a00000)]
  0x00000153f2dcf000 JavaThread "SyntheticaAnimation 25" daemon [_thread_blocked, id=10208, stack(0x00000003cf900000,0x00000003cfe00000)]
  0x00000153f2dc9800 JavaThread "SyntheticaAnimation 50" daemon [_thread_blocked, id=15952, stack(0x00000003d0b00000,0x00000003d1000000)]
  0x00000153f2dcc800 JavaThread "Monitor HEventQueue" [_thread_blocked, id=16220, stack(0x00000003d0600000,0x00000003d0b00000)]
  0x00000153f2dcf800 JavaThread "SyntheticaCleanerThread" daemon [_thread_blocked, id=1948, stack(0x00000003cfe00000,0x00000003d0300000)]
  0x00000153f2dce000 JavaThread "Batik CleanerThread" daemon [_thread_blocked, id=16068, stack(0x00000003cea00000,0x00000003cef00000)]
=>0x00000153940bc000 JavaThread "AWT-EventQueue-1" [_thread_in_native, id=4348, stack(0x00000003cf400000,0x00000003cf900000)]
  0x0000015394673000 JavaThread "Process Messages" [_thread_blocked, id=7500, stack(0x00000003cef00000,0x00000003cf400000)]
  0x00000153f39d0000 JavaThread "Thread-1" [_thread_in_native, id=11864, stack(0x00000003c7d00000,0x00000003c9100000)]
  0x00000153f3ce4800 JavaThread "TimerQueue" daemon [_thread_blocked, id=14188, stack(0x00000003ce000000,0x00000003ce500000)]
  0x00000153f395f000 JavaThread "AWT-Windows" daemon [_thread_in_native, id=11836, stack(0x00000003cdb00000,0x00000003ce000000)]
  0x00000153eb8f1800 JavaThread "AWT-Shutdown" [_thread_blocked, id=15844, stack(0x00000003cd600000,0x00000003cdb00000)]
  0x00000153eb8f0800 JavaThread "Java2D Disposer" daemon [_thread_blocked, id=7980, stack(0x00000003cd100000,0x00000003cd600000)]
  0x00000153eb9fc800 JavaThread "Service Thread" daemon [_thread_blocked, id=4232, stack(0x00000003ccb00000,0x00000003cd000000)]
  0x00000153f2dd1800 JavaThread "Common-Cleaner" daemon [_thread_blocked, id=12560, stack(0x00000003cc600000,0x00000003ccb00000)]
  0x00000153f2dcd800 JavaThread "Sweeper thread" daemon [_thread_blocked, id=14472, stack(0x00000003cc100000,0x00000003cc600000)]
  0x00000153f5ccf800 JavaThread "C1 CompilerThread3" daemon [_thread_blocked, id=3404, stack(0x00000003cc000000,0x00000003cc100000)]
  0x00000153f5cce000 JavaThread "C2 CompilerThread2" daemon [_thread_blocked, id=5132, stack(0x00000003cbf00000,0x00000003cc000000)]
  0x00000153f2dc7800 JavaThread "C2 CompilerThread1" daemon [_thread_blocked, id=13064, stack(0x00000003cbe00000,0x00000003cbf00000)]
  0x00000153f2dc7000 JavaThread "C2 CompilerThread0" daemon [_thread_blocked, id=14368, stack(0x00000003cbd00000,0x00000003cbe00000)]
  0x00000153f2dc2000 JavaThread "Attach Listener" daemon [_thread_blocked, id=15112, stack(0x00000003cb800000,0x00000003cbd00000)]
  0x00000153f30ad800 JavaThread "Signal Dispatcher" daemon [_thread_blocked, id=13916, stack(0x00000003cb300000,0x00000003cb800000)]
  0x00000153f2db3000 JavaThread "Finalizer" daemon [_thread_blocked, id=3260, stack(0x00000003cae00000,0x00000003cb300000)]
  0x00000153f2daa000 JavaThread "Reference Handler" daemon [_thread_blocked, id=10572, stack(0x00000003ca900000,0x00000003cae00000)]
  0x00000153ee22c800 JavaThread "main" [_thread_blocked, id=16016, stack(0x00000003c7c00000,0x00000003c7d00000)]

Other Threads:
  0x00000153f2540800 VMThread "VM Thread" [stack: 0x00000003ca800000,0x00000003ca900000] [id=1032]
  0x00000153eba2b800 WatcherThread [stack: 0x00000003cd000000,0x00000003cd100000] [id=5396]
  0x00000153f5cbd800 GCTaskThread "GC Thread#0" [stack: 0x00000003c9400000,0x00000003c9500000] [id=12900]
  0x00000153f5cc3000 GCTaskThread "GC Thread#1" [stack: 0x00000003c9500000,0x00000003c9600000] [id=14696]
  0x00000153f5cc1800 GCTaskThread "GC Thread#2" [stack: 0x00000003c9600000,0x00000003c9700000] [id=7832]
  0x00000153f5cc2800 GCTaskThread "GC Thread#3" [stack: 0x00000003c9700000,0x00000003c9800000] [id=4948]
  0x00000153f5cbf000 GCTaskThread "GC Thread#4" [stack: 0x00000003c9800000,0x00000003c9900000] [id=9020]
  0x00000153f5cc3800 GCTaskThread "GC Thread#5" [stack: 0x00000003c9900000,0x00000003c9a00000] [id=7252]
  0x00000153f5cbe800 GCTaskThread "GC Thread#6" [stack: 0x00000003c9a00000,0x00000003c9b00000] [id=13188]
  0x00000153f5cc4000 GCTaskThread "GC Thread#7" [stack: 0x00000003c9b00000,0x00000003c9c00000] [id=12328]
  0x00000153f5cd5800 ConcurrentGCThread "G1 Main Marker" [stack: 0x00000003ca500000,0x00000003ca600000] [id=6676]
  0x00000153f5cbe000 ConcurrentGCThread "G1 Marker#0" [stack: 0x00000003ca600000,0x00000003ca700000] [id=15416]
  0x00000153f5cc0000 ConcurrentGCThread "G1 Marker#1" [stack: 0x00000003ca700000,0x00000003ca800000] [id=12336]
  0x00000153f6013000 ConcurrentGCThread "G1 Refine#0" [stack: 0x00000003ca300000,0x00000003ca400000] [id=15900]
  0x00000153f2a36000 ConcurrentGCThread "G1 Refine#1" [stack: 0x00000003ca200000,0x00000003ca300000] [id=11912]
  0x00000153f2a35800 ConcurrentGCThread "G1 Refine#2" [stack: 0x00000003ca100000,0x00000003ca200000] [id=12484]
  0x00000153f260c800 ConcurrentGCThread "G1 Refine#3" [stack: 0x00000003ca000000,0x00000003ca100000] [id=2784]
  0x00000153eb662000 ConcurrentGCThread "G1 Refine#4" [stack: 0x00000003c9f00000,0x00000003ca000000] [id=7368]
  0x00000153f25a9800 ConcurrentGCThread "G1 Refine#5" [stack: 0x00000003c9e00000,0x00000003c9f00000] [id=15924]
  0x00000153f25a8800 ConcurrentGCThread "G1 Refine#6" [stack: 0x00000003c9d00000,0x00000003c9e00000] [id=1556]
  0x00000153f57d2000 ConcurrentGCThread "G1 Refine#7" [stack: 0x00000003c9c00000,0x00000003c9d00000] [id=16324]
  0x00000153f5cc7800 ConcurrentGCThread "G1 Young RemSet Sampling" [stack: 0x00000003ca400000,0x00000003ca500000] [id=7440]

Threads with active compile tasks:

VM state:not at safepoint (normal execution)

VM Mutex/Monitor currently owned by a thread: None

Heap address: 0x0000000700000000, size: 3072 MB, Compressed Oops mode: Zero based, Oop shift amount: 3
Narrow klass base: 0x0000000000000000, Narrow klass shift: 3
Compressed class space size: 1073741824 Address: 0x00000007c0000000

Heap:
 garbage-first heap   total 233472K, used 131768K [0x0000000700000000, 0x0000000700100720, 0x00000007c0000000)
  region size 1024K, 55 young (56320K), 1 survivors (1024K)
 Metaspace       used 81403K, capacity 87469K, committed 87548K, reserved 1124352K
  class space    used 11144K, capacity 12209K, committed 12284K, reserved 1048576K
Heap Regions: E=young(eden), S=young(survivor), O=old, HS=humongous(starts), HC=humongous(continues), CS=collection set, F=free, A=archive, TS=gc time stamp, AC=allocation context, TAMS=top-at-mark-start (previous, next)
|   0|0x0000000700000000, 0x00000007000fee48, 0x0000000700100000| 99%| O|  |TS  0|AC  0|TAMS 0x0000000700000000, 0x0000000700000000|
|   1|0x0000000700100000, 0x0000000700200000, 0x0000000700200000|100%|HS|  |TS  0|AC  0|TAMS 0x0000000700100000, 0x0000000700100000|
|   2|0x0000000700200000, 0x0000000700300000, 0x0000000700300000|100%|HC|  |TS  0|AC  0|TAMS 0x0000000700200000, 0x0000000700200000|
|   3|0x0000000700300000, 0x0000000700400000, 0x0000000700400000|100%|HS|  |TS  0|AC  0|TAMS 0x0000000700300000, 0x0000000700300000|
|   4|0x0000000700400000, 0x00000007004e6038, 0x0000000700500000| 89%| O|  |TS  0|AC  0|TAMS 0x0000000700400000, 0x0000000700400000|
|   5|0x0000000700500000, 0x00000007005ffff0, 0x0000000700600000| 99%| O|  |TS  0|AC  0|TAMS 0x0000000700500000, 0x0000000700500000|
|   6|0x0000000700600000, 0x00000007006ffff8, 0x0000000700700000| 99%| O|  |TS  0|AC  0|TAMS 0x0000000700600000, 0x0000000700600000|
|   7|0x0000000700700000, 0x0000000700800000, 0x0000000700800000|100%| O|  |TS  0|AC  0|TAMS 0x0000000700700000, 0x0000000700700000|
|   8|0x0000000700800000, 0x00000007008fffd8, 0x0000000700900000| 99%| O|  |TS  0|AC  0|TAMS 0x0000000700800000, 0x0000000700800000|
|   9|0x0000000700900000, 0x00000007009ffff8, 0x0000000700a00000| 99%| O|  |TS  0|AC  0|TAMS 0x0000000700900000, 0x0000000700900000|
|  10|0x0000000700a00000, 0x0000000700b00000, 0x0000000700b00000|100%| O|  |TS  0|AC  0|TAMS 0x0000000700a00000, 0x0000000700a00000|
|  11|0x0000000700b00000, 0x0000000700bfffe0, 0x0000000700c00000| 99%| O|  |TS  0|AC  0|TAMS 0x0000000700b00000, 0x0000000700b00000|
|  12|0x0000000700c00000, 0x0000000700cffe58, 0x0000000700d00000| 99%| O|  |TS  0|AC  0|TAMS 0x0000000700c00000, 0x0000000700c00000|
|  13|0x0000000700d00000, 0x0000000700df5158, 0x0000000700e00000| 95%| O|  |TS  0|AC  0|TAMS 0x0000000700d00000, 0x0000000700d00000|
|  14|0x0000000700e00000, 0x0000000700efeee8, 0x0000000700f00000| 99%| O|  |TS  0|AC  0|TAMS 0x0000000700e00000, 0x0000000700e00000|
|  15|0x0000000700f00000, 0x0000000700fd8210, 0x0000000701000000| 84%| O|  |TS  0|AC  0|TAMS 0x0000000700f00000, 0x0000000700f00000|
|  16|0x0000000701000000, 0x0000000701100000, 0x0000000701100000|100%| O|  |TS  0|AC  0|TAMS 0x0000000701000000, 0x0000000701000000|
|  17|0x0000000701100000, 0x00000007011fffa0, 0x0000000701200000| 99%| O|  |TS  0|AC  0|TAMS 0x0000000701100000, 0x0000000701100000|
|  18|0x0000000701200000, 0x00000007012fff58, 0x0000000701300000| 99%| O|  |TS  0|AC  0|TAMS 0x0000000701200000, 0x0000000701200000|
|  19|0x0000000701300000, 0x00000007013fff38, 0x0000000701400000| 99%| O|  |TS  0|AC  0|TAMS 0x0000000701300000, 0x0000000701300000|
|  20|0x0000000701400000, 0x0000000701500000, 0x0000000701500000|100%| O|  |TS  0|AC  0|TAMS 0x0000000701400000, 0x0000000701400000|
|  21|0x0000000701500000, 0x0000000701600000, 0x0000000701600000|100%|HS|  |TS  0|AC  0|TAMS 0x0000000701500000, 0x0000000701500000|
|  22|0x0000000701600000, 0x0000000701700000, 0x0000000701700000|100%|HC|  |TS  0|AC  0|TAMS 0x0000000701600000, 0x0000000701600000|
|  23|0x0000000701700000, 0x00000007017ffff0, 0x0000000701800000| 99%| O|  |TS  0|AC  0|TAMS 0x0000000701700000, 0x0000000701700000|
|  24|0x0000000701800000, 0x00000007018ffff8, 0x0000000701900000| 99%| O|  |TS  0|AC  0|TAMS 0x0000000701800000, 0x0000000701800000|
|  25|0x0000000701900000, 0x00000007019ffe78, 0x0000000701a00000| 99%| O|  |TS  0|AC  0|TAMS 0x0000000701900000, 0x0000000701900000|
|  26|0x0000000701a00000, 0x0000000701afffd8, 0x0000000701b00000| 99%| O|  |TS  0|AC  0|TAMS 0x0000000701a00000, 0x0000000701a00000|
|  27|0x0000000701b00000, 0x0000000701bfffe0, 0x0000000701c00000| 99%| O|  |TS  0|AC  0|TAMS 0x0000000701b00000, 0x0000000701b00000|
|  28|0x0000000701c00000, 0x0000000701cfffe8, 0x0000000701d00000| 99%| O|  |TS  0|AC  0|TAMS 0x0000000701c00000, 0x0000000701c00000|
|  29|0x0000000701d00000, 0x0000000701dffff8, 0x0000000701e00000| 99%| O|  |TS  0|AC  0|TAMS 0x0000000701d00000, 0x0000000701d00000|
|  30|0x0000000701e00000, 0x0000000701efdfd0, 0x0000000701f00000| 99%| O|  |TS  0|AC  0|TAMS 0x0000000701e00000, 0x0000000701e00000|
|  31|0x0000000701f00000, 0x0000000701fffff8, 0x0000000702000000| 99%| O|  |TS  0|AC  0|TAMS 0x0000000701f00000, 0x0000000701f00000|
|  32|0x0000000702000000, 0x00000007020ffff8, 0x0000000702100000| 99%| O|  |TS  0|AC  0|TAMS 0x0000000702000000, 0x0000000702000000|
|  33|0x0000000702100000, 0x00000007021fa458, 0x0000000702200000| 97%| O|  |TS  0|AC  0|TAMS 0x0000000702100000, 0x0000000702100000|
|  34|0x0000000702200000, 0x00000007022ffff0, 0x0000000702300000| 99%| O|  |TS  0|AC  0|TAMS 0x0000000702200000, 0x0000000702200000|
|  35|0x0000000702300000, 0x00000007023ffe50, 0x0000000702400000| 99%| O|  |TS  0|AC  0|TAMS 0x0000000702300000, 0x0000000702300000|
|  36|0x0000000702400000, 0x00000007024fff88, 0x0000000702500000| 99%| O|  |TS  0|AC  0|TAMS 0x0000000702400000, 0x0000000702400000|
|  37|0x0000000702500000, 0x00000007025ffff8, 0x0000000702600000| 99%| O|  |TS  0|AC  0|TAMS 0x0000000702500000, 0x0000000702500000|
|  38|0x0000000702600000, 0x00000007026ffff8, 0x0000000702700000| 99%| O|  |TS  0|AC  0|TAMS 0x0000000702600000, 0x0000000702600000|
|  39|0x0000000702700000, 0x00000007027ffff0, 0x0000000702800000| 99%| O|  |TS  0|AC  0|TAMS 0x0000000702700000, 0x0000000702700000|
|  40|0x0000000702800000, 0x00000007028ffff8, 0x0000000702900000| 99%| O|  |TS  0|AC  0|TAMS 0x0000000702800000, 0x0000000702800000|
|  41|0x0000000702900000, 0x00000007029fe228, 0x0000000702a00000| 99%| O|  |TS  0|AC  0|TAMS 0x0000000702900000, 0x0000000702900000|
|  42|0x0000000702a00000, 0x0000000702affe08, 0x0000000702b00000| 99%| O|  |TS  0|AC  0|TAMS 0x0000000702a00000, 0x0000000702a00000|
|  43|0x0000000702b00000, 0x0000000702bffff8, 0x0000000702c00000| 99%| O|  |TS  0|AC  0|TAMS 0x0000000702b00000, 0x0000000702b00000|
|  44|0x0000000702c00000, 0x0000000702cff4f8, 0x0000000702d00000| 99%| O|  |TS  0|AC  0|TAMS 0x0000000702c00000, 0x0000000702c00000|
|  45|0x0000000702d00000, 0x0000000702e00000, 0x0000000702e00000|100%| O|  |TS  0|AC  0|TAMS 0x0000000702d00000, 0x0000000702d00000|
|  46|0x0000000702e00000, 0x0000000702efffc0, 0x0000000702f00000| 99%| O|  |TS  0|AC  0|TAMS 0x0000000702e00000, 0x0000000702e00000|
|  47|0x0000000702f00000, 0x0000000703000000, 0x0000000703000000|100%| O|  |TS  0|AC  0|TAMS 0x0000000702f00000, 0x0000000702f00000|
|  48|0x0000000703000000, 0x00000007030fffe0, 0x0000000703100000| 99%| O|  |TS  0|AC  0|TAMS 0x0000000703000000, 0x0000000703000000|
|  49|0x0000000703100000, 0x0000000703200000, 0x0000000703200000|100%|HS|  |TS  0|AC  0|TAMS 0x0000000703100000, 0x0000000703100000|
|  50|0x0000000703200000, 0x0000000703300000, 0x0000000703300000|100%|HC|  |TS  0|AC  0|TAMS 0x0000000703200000, 0x0000000703200000|
|  51|0x0000000703300000, 0x0000000703400000, 0x0000000703400000|100%|HC|  |TS  0|AC  0|TAMS 0x0000000703300000, 0x0000000703300000|
|  52|0x0000000703400000, 0x0000000703500000, 0x0000000703500000|100%|HC|  |TS  0|AC  0|TAMS 0x0000000703400000, 0x0000000703400000|
|  53|0x0000000703500000, 0x0000000703600000, 0x0000000703600000|100%|HC|  |TS  0|AC  0|TAMS 0x0000000703500000, 0x0000000703500000|
|  54|0x0000000703600000, 0x0000000703700000, 0x0000000703700000|100%|HC|  |TS  0|AC  0|TAMS 0x0000000703600000, 0x0000000703600000|
|  55|0x0000000703700000, 0x0000000703800000, 0x0000000703800000|100%|HC|  |TS  0|AC  0|TAMS 0x0000000703700000, 0x0000000703700000|
|  56|0x0000000703800000, 0x0000000703900000, 0x0000000703900000|100%|HC|  |TS  0|AC  0|TAMS 0x0000000703800000, 0x0000000703800000|
|  57|0x0000000703900000, 0x00000007039fe260, 0x0000000703a00000| 99%| O|  |TS  0|AC  0|TAMS 0x0000000703900000, 0x0000000703900000|
|  58|0x0000000703a00000, 0x0000000703affff0, 0x0000000703b00000| 99%| O|  |TS  0|AC  0|TAMS 0x0000000703a00000, 0x0000000703a00000|
|  59|0x0000000703b00000, 0x0000000703c00000, 0x0000000703c00000|100%| O|  |TS  0|AC  0|TAMS 0x0000000703b00000, 0x0000000703b00000|
|  60|0x0000000703c00000, 0x0000000703cffff0, 0x0000000703d00000| 99%| O|  |TS  0|AC  0|TAMS 0x0000000703c00000, 0x0000000703c00000|
|  61|0x0000000703d00000, 0x0000000703e00000, 0x0000000703e00000|100%| O|  |TS  0|AC  0|TAMS 0x0000000703d00000, 0x0000000703d00000|
|  62|0x0000000703e00000, 0x0000000703effd40, 0x0000000703f00000| 99%| O|  |TS  0|AC  0|TAMS 0x0000000703e00000, 0x0000000703e00000|
|  63|0x0000000703f00000, 0x0000000704000000, 0x0000000704000000|100%|HS|  |TS  0|AC  0|TAMS 0x0000000703f00000, 0x0000000703f00000|
|  64|0x0000000704000000, 0x00000007040fffe8, 0x0000000704100000| 99%| O|  |TS  0|AC  0|TAMS 0x0000000704000000, 0x0000000704000000|
|  65|0x0000000704100000, 0x0000000704102680, 0x0000000704200000|  0%| O|  |TS  0|AC  0|TAMS 0x0000000704100000, 0x0000000704100000|
|  66|0x0000000704200000, 0x0000000704300000, 0x0000000704300000|100%|HS|  |TS  0|AC  0|TAMS 0x0000000704200000, 0x0000000704200000|
|  67|0x0000000704300000, 0x0000000704323a00, 0x0000000704400000| 13%| O|  |TS 39|AC  0|TAMS 0x0000000704300000, 0x0000000704300000|
|  68|0x0000000704400000, 0x0000000704400000, 0x0000000704500000|  0%| F|  |TS  3|AC  0|TAMS 0x0000000704400000, 0x0000000704400000|
|  69|0x0000000704500000, 0x0000000704500000, 0x0000000704600000|  0%| F|  |TS  3|AC  0|TAMS 0x0000000704500000, 0x0000000704500000|
|  70|0x0000000704600000, 0x0000000704600000, 0x0000000704700000|  0%| F|  |TS  3|AC  0|TAMS 0x0000000704600000, 0x0000000704600000|
|  71|0x0000000704700000, 0x0000000704700000, 0x0000000704800000|  0%| F|  |TS  0|AC  0|TAMS 0x0000000704700000, 0x0000000704700000|
|  72|0x0000000704800000, 0x0000000704800000, 0x0000000704900000|  0%| F|  |TS  0|AC  0|TAMS 0x0000000704800000, 0x0000000704800000|
|  73|0x0000000704900000, 0x0000000704a00000, 0x0000000704a00000|100%|HS|  |TS  0|AC  0|TAMS 0x0000000704900000, 0x0000000704900000|
|  74|0x0000000704a00000, 0x0000000704a00000, 0x0000000704b00000|  0%| F|  |TS  0|AC  0|TAMS 0x0000000704a00000, 0x0000000704a00000|
|  75|0x0000000704b00000, 0x0000000704b00000, 0x0000000704c00000|  0%| F|  |TS  0|AC  0|TAMS 0x0000000704b00000, 0x0000000704b00000|
|  76|0x0000000704c00000, 0x0000000704c00000, 0x0000000704d00000|  0%| F|  |TS  0|AC  0|TAMS 0x0000000704c00000, 0x0000000704c00000|
|  77|0x0000000704d00000, 0x0000000704e00000, 0x0000000704e00000|100%|HS|  |TS  0|AC  0|TAMS 0x0000000704d00000, 0x0000000704d00000|
|  78|0x0000000704e00000, 0x0000000704f00000, 0x0000000704f00000|100%|HC|  |TS  0|AC  0|TAMS 0x0000000704e00000, 0x0000000704e00000|
|  79|0x0000000704f00000, 0x0000000705000000, 0x0000000705000000|100%|HC|  |TS  0|AC  0|TAMS 0x0000000704f00000, 0x0000000704f00000|
|  80|0x0000000705000000, 0x0000000705100000, 0x0000000705100000|100%|HC|  |TS  0|AC  0|TAMS 0x0000000705000000, 0x0000000705000000|
|  81|0x0000000705100000, 0x0000000705200000, 0x0000000705200000|100%|HS|  |TS  0|AC  0|TAMS 0x0000000705100000, 0x0000000705100000|
|  82|0x0000000705200000, 0x0000000705300000, 0x0000000705300000|100%|HC|  |TS  0|AC  0|TAMS 0x0000000705200000, 0x0000000705200000|
|  83|0x0000000705300000, 0x0000000705400000, 0x0000000705400000|100%|HC|  |TS  0|AC  0|TAMS 0x0000000705300000, 0x0000000705300000|
|  84|0x0000000705400000, 0x0000000705500000, 0x0000000705500000|100%|HC|  |TS  0|AC  0|TAMS 0x0000000705400000, 0x0000000705400000|
|  85|0x0000000705500000, 0x0000000705500000, 0x0000000705600000|  0%| F|  |TS  0|AC  0|TAMS 0x0000000705500000, 0x0000000705500000|
|  86|0x0000000705600000, 0x0000000705600000, 0x0000000705700000|  0%| F|  |TS  0|AC  0|TAMS 0x0000000705600000, 0x0000000705600000|
|  87|0x0000000705700000, 0x0000000705700000, 0x0000000705800000|  0%| F|  |TS  0|AC  0|TAMS 0x0000000705700000, 0x0000000705700000|
|  88|0x0000000705800000, 0x0000000705800000, 0x0000000705900000|  0%| F|  |TS  0|AC  0|TAMS 0x0000000705800000, 0x0000000705800000|
|  89|0x0000000705900000, 0x0000000705900000, 0x0000000705a00000|  0%| F|  |TS  0|AC  0|TAMS 0x0000000705900000, 0x0000000705900000|
|  90|0x0000000705a00000, 0x0000000705a00000, 0x0000000705b00000|  0%| F|  |TS  0|AC  0|TAMS 0x0000000705a00000, 0x0000000705a00000|
|  91|0x0000000705b00000, 0x0000000705b00000, 0x0000000705c00000|  0%| F|  |TS  0|AC  0|TAMS 0x0000000705b00000, 0x0000000705b00000|
|  92|0x0000000705c00000, 0x0000000705c00000, 0x0000000705d00000|  0%| F|  |TS  0|AC  0|TAMS 0x0000000705c00000, 0x0000000705c00000|
|  93|0x0000000705d00000, 0x0000000705d00000, 0x0000000705e00000|  0%| F|  |TS  0|AC  0|TAMS 0x0000000705d00000, 0x0000000705d00000|
|  94|0x0000000705e00000, 0x0000000705e00000, 0x0000000705f00000|  0%| F|  |TS  0|AC  0|TAMS 0x0000000705e00000, 0x0000000705e00000|
|  95|0x0000000705f00000, 0x0000000705f00000, 0x0000000706000000|  0%| F|  |TS  0|AC  0|TAMS 0x0000000705f00000, 0x0000000705f00000|
|  96|0x0000000706000000, 0x0000000706000000, 0x0000000706100000|  0%| F|  |TS  0|AC  0|TAMS 0x0000000706000000, 0x0000000706000000|
|  97|0x0000000706100000, 0x0000000706100000, 0x0000000706200000|  0%| F|  |TS  0|AC  0|TAMS 0x0000000706100000, 0x0000000706100000|
|  98|0x0000000706200000, 0x0000000706200000, 0x0000000706300000|  0%| F|  |TS  0|AC  0|TAMS 0x0000000706200000, 0x0000000706200000|
|  99|0x0000000706300000, 0x0000000706300000, 0x0000000706400000|  0%| F|  |TS  0|AC  0|TAMS 0x0000000706300000, 0x0000000706300000|
| 100|0x0000000706400000, 0x0000000706400000, 0x0000000706500000|  0%| F|  |TS  0|AC  0|TAMS 0x0000000706400000, 0x0000000706400000|
| 101|0x0000000706500000, 0x0000000706500000, 0x0000000706600000|  0%| F|  |TS  0|AC  0|TAMS 0x0000000706500000, 0x0000000706500000|
| 102|0x0000000706600000, 0x0000000706600000, 0x0000000706700000|  0%| F|  |TS  0|AC  0|TAMS 0x0000000706600000, 0x0000000706600000|
| 103|0x0000000706700000, 0x0000000706700000, 0x0000000706800000|  0%| F|  |TS  0|AC  0|TAMS 0x0000000706700000, 0x0000000706700000|
| 104|0x0000000706800000, 0x0000000706800000, 0x0000000706900000|  0%| F|  |TS  0|AC  0|TAMS 0x0000000706800000, 0x0000000706800000|
| 105|0x0000000706900000, 0x0000000706900000, 0x0000000706a00000|  0%| F|  |TS  0|AC  0|TAMS 0x0000000706900000, 0x0000000706900000|
| 106|0x0000000706a00000, 0x0000000706a00000, 0x0000000706b00000|  0%| F|  |TS  0|AC  0|TAMS 0x0000000706a00000, 0x0000000706a00000|
| 107|0x0000000706b00000, 0x0000000706b00000, 0x0000000706c00000|  0%| F|  |TS  0|AC  0|TAMS 0x0000000706b00000, 0x0000000706b00000|
| 108|0x0000000706c00000, 0x0000000706c00000, 0x0000000706d00000|  0%| F|  |TS  0|AC  0|TAMS 0x0000000706c00000, 0x0000000706c00000|
| 109|0x0000000706d00000, 0x0000000706d00000, 0x0000000706e00000|  0%| F|  |TS  0|AC  0|TAMS 0x0000000706d00000, 0x0000000706d00000|
| 110|0x0000000706e00000, 0x0000000706e00000, 0x0000000706f00000|  0%| F|  |TS  0|AC  0|TAMS 0x0000000706e00000, 0x0000000706e00000|
| 111|0x0000000706f00000, 0x0000000706f00000, 0x0000000707000000|  0%| F|  |TS  0|AC  0|TAMS 0x0000000706f00000, 0x0000000706f00000|
| 112|0x0000000707000000, 0x0000000707000000, 0x0000000707100000|  0%| F|  |TS  0|AC  0|TAMS 0x0000000707000000, 0x0000000707000000|
| 113|0x0000000707100000, 0x0000000707100000, 0x0000000707200000|  0%| F|  |TS  0|AC  0|TAMS 0x0000000707100000, 0x0000000707100000|
| 114|0x0000000707200000, 0x0000000707200000, 0x0000000707300000|  0%| F|  |TS  0|AC  0|TAMS 0x0000000707200000, 0x0000000707200000|
| 115|0x0000000707300000, 0x0000000707300000, 0x0000000707400000|  0%| F|  |TS  0|AC  0|TAMS 0x0000000707300000, 0x0000000707300000|
| 116|0x0000000707400000, 0x0000000707400000, 0x0000000707500000|  0%| F|  |TS  0|AC  0|TAMS 0x0000000707400000, 0x0000000707400000|
| 117|0x0000000707500000, 0x0000000707500000, 0x0000000707600000|  0%| F|  |TS  0|AC  0|TAMS 0x0000000707500000, 0x0000000707500000|
| 118|0x0000000707600000, 0x0000000707600000, 0x0000000707700000|  0%| F|  |TS  0|AC  0|TAMS 0x0000000707600000, 0x0000000707600000|
| 119|0x0000000707700000, 0x0000000707700000, 0x0000000707800000|  0%| F|  |TS  0|AC  0|TAMS 0x0000000707700000, 0x0000000707700000|
| 120|0x0000000707800000, 0x0000000707800000, 0x0000000707900000|  0%| F|  |TS  0|AC  0|TAMS 0x0000000707800000, 0x0000000707800000|
| 121|0x0000000707900000, 0x0000000707900000, 0x0000000707a00000|  0%| F|  |TS  0|AC  0|TAMS 0x0000000707900000, 0x0000000707900000|
| 122|0x0000000707a00000, 0x0000000707a00000, 0x0000000707b00000|  0%| F|  |TS  0|AC  0|TAMS 0x0000000707a00000, 0x0000000707a00000|
| 123|0x0000000707b00000, 0x0000000707b00000, 0x0000000707c00000|  0%| F|  |TS  0|AC  0|TAMS 0x0000000707b00000, 0x0000000707b00000|
| 124|0x0000000707c00000, 0x0000000707c00000, 0x0000000707d00000|  0%| F|  |TS  0|AC  0|TAMS 0x0000000707c00000, 0x0000000707c00000|
| 125|0x0000000707d00000, 0x0000000707d00000, 0x0000000707e00000|  0%| F|  |TS  0|AC  0|TAMS 0x0000000707d00000, 0x0000000707d00000|
| 126|0x0000000707e00000, 0x0000000707e00000, 0x0000000707f00000|  0%| F|  |TS  0|AC  0|TAMS 0x0000000707e00000, 0x0000000707e00000|
| 127|0x0000000707f00000, 0x0000000707f00000, 0x0000000708000000|  0%| F|  |TS  0|AC  0|TAMS 0x0000000707f00000, 0x0000000707f00000|
| 128|0x0000000708000000, 0x0000000708000000, 0x0000000708100000|  0%| F|  |TS  0|AC  0|TAMS 0x0000000708000000, 0x0000000708000000|
| 129|0x0000000708100000, 0x0000000708100000, 0x0000000708200000|  0%| F|  |TS  0|AC  0|TAMS 0x0000000708100000, 0x0000000708100000|
| 130|0x0000000708200000, 0x0000000708200000, 0x0000000708300000|  0%| F|  |TS  0|AC  0|TAMS 0x0000000708200000, 0x0000000708200000|
| 131|0x0000000708300000, 0x0000000708300000, 0x0000000708400000|  0%| F|  |TS  0|AC  0|TAMS 0x0000000708300000, 0x0000000708300000|
| 132|0x0000000708400000, 0x0000000708400000, 0x0000000708500000|  0%| F|  |TS  0|AC  0|TAMS 0x0000000708400000, 0x0000000708400000|
| 133|0x0000000708500000, 0x0000000708500000, 0x0000000708600000|  0%| F|  |TS  0|AC  0|TAMS 0x0000000708500000, 0x0000000708500000|
| 134|0x0000000708600000, 0x0000000708600000, 0x0000000708700000|  0%| F|  |TS  0|AC  0|TAMS 0x0000000708600000, 0x0000000708600000|
| 135|0x0000000708700000, 0x0000000708700000, 0x0000000708800000|  0%| F|  |TS  0|AC  0|TAMS 0x0000000708700000, 0x0000000708700000|
| 136|0x0000000708800000, 0x0000000708800000, 0x0000000708900000|  0%| F|  |TS  0|AC  0|TAMS 0x0000000708800000, 0x0000000708800000|
| 137|0x0000000708900000, 0x0000000708900000, 0x0000000708a00000|  0%| F|  |TS  0|AC  0|TAMS 0x0000000708900000, 0x0000000708900000|
| 138|0x0000000708a00000, 0x0000000708a00000, 0x0000000708b00000|  0%| F|  |TS  0|AC  0|TAMS 0x0000000708a00000, 0x0000000708a00000|
| 139|0x0000000708b00000, 0x0000000708b00000, 0x0000000708c00000|  0%| F|  |TS  0|AC  0|TAMS 0x0000000708b00000, 0x0000000708b00000|
| 140|0x0000000708c00000, 0x0000000708c00000, 0x0000000708d00000|  0%| F|  |TS  0|AC  0|TAMS 0x0000000708c00000, 0x0000000708c00000|
| 141|0x0000000708d00000, 0x0000000708d00000, 0x0000000708e00000|  0%| F|  |TS  0|AC  0|TAMS 0x0000000708d00000, 0x0000000708d00000|
| 142|0x0000000708e00000, 0x0000000708e00000, 0x0000000708f00000|  0%| F|  |TS  0|AC  0|TAMS 0x0000000708e00000, 0x0000000708e00000|
| 143|0x0000000708f00000, 0x0000000708f00000, 0x0000000709000000|  0%| F|  |TS  0|AC  0|TAMS 0x0000000708f00000, 0x0000000708f00000|
| 144|0x0000000709000000, 0x0000000709000000, 0x0000000709100000|  0%| F|  |TS  0|AC  0|TAMS 0x0000000709000000, 0x0000000709000000|
| 145|0x0000000709100000, 0x0000000709100000, 0x0000000709200000|  0%| F|  |TS  0|AC  0|TAMS 0x0000000709100000, 0x0000000709100000|
| 146|0x0000000709200000, 0x0000000709200000, 0x0000000709300000|  0%| F|  |TS  0|AC  0|TAMS 0x0000000709200000, 0x0000000709200000|
| 147|0x0000000709300000, 0x0000000709300000, 0x0000000709400000|  0%| F|  |TS  0|AC  0|TAMS 0x0000000709300000, 0x0000000709300000|
| 148|0x0000000709400000, 0x0000000709400000, 0x0000000709500000|  0%| F|  |TS  0|AC  0|TAMS 0x0000000709400000, 0x0000000709400000|
| 149|0x0000000709500000, 0x0000000709500000, 0x0000000709600000|  0%| F|  |TS  0|AC  0|TAMS 0x0000000709500000, 0x0000000709500000|
| 150|0x0000000709600000, 0x0000000709600000, 0x0000000709700000|  0%| F|  |TS  0|AC  0|TAMS 0x0000000709600000, 0x0000000709600000|
| 151|0x0000000709700000, 0x0000000709700000, 0x0000000709800000|  0%| F|  |TS  0|AC  0|TAMS 0x0000000709700000, 0x0000000709700000|
| 152|0x0000000709800000, 0x0000000709800000, 0x0000000709900000|  0%| F|  |TS  0|AC  0|TAMS 0x0000000709800000, 0x0000000709800000|
| 153|0x0000000709900000, 0x0000000709900000, 0x0000000709a00000|  0%| F|  |TS  0|AC  0|TAMS 0x0000000709900000, 0x0000000709900000|
| 154|0x0000000709a00000, 0x0000000709a00000, 0x0000000709b00000|  0%| F|  |TS  0|AC  0|TAMS 0x0000000709a00000, 0x0000000709a00000|
| 155|0x0000000709b00000, 0x0000000709b00000, 0x0000000709c00000|  0%| F|  |TS  0|AC  0|TAMS 0x0000000709b00000, 0x0000000709b00000|
| 156|0x0000000709c00000, 0x0000000709c00000, 0x0000000709d00000|  0%| F|  |TS  0|AC  0|TAMS 0x0000000709c00000, 0x0000000709c00000|
| 157|0x0000000709d00000, 0x0000000709d00000, 0x0000000709e00000|  0%| F|  |TS  0|AC  0|TAMS 0x0000000709d00000, 0x0000000709d00000|
| 158|0x0000000709e00000, 0x0000000709e00000, 0x0000000709f00000|  0%| F|  |TS  0|AC  0|TAMS 0x0000000709e00000, 0x0000000709e00000|
| 159|0x0000000709f00000, 0x0000000709f00000, 0x000000070a000000|  0%| F|  |TS  0|AC  0|TAMS 0x0000000709f00000, 0x0000000709f00000|
| 160|0x000000070a000000, 0x000000070a000000, 0x000000070a100000|  0%| F|  |TS  0|AC  0|TAMS 0x000000070a000000, 0x000000070a000000|
| 161|0x000000070a100000, 0x000000070a100000, 0x000000070a200000|  0%| F|  |TS  0|AC  0|TAMS 0x000000070a100000, 0x000000070a100000|
| 162|0x000000070a200000, 0x000000070a200000, 0x000000070a300000|  0%| F|  |TS  0|AC  0|TAMS 0x000000070a200000, 0x000000070a200000|
| 163|0x000000070a300000, 0x000000070a300000, 0x000000070a400000|  0%| F|  |TS  0|AC  0|TAMS 0x000000070a300000, 0x000000070a300000|
| 164|0x000000070a400000, 0x000000070a400000, 0x000000070a500000|  0%| F|  |TS  0|AC  0|TAMS 0x000000070a400000, 0x000000070a400000|
| 165|0x000000070a500000, 0x000000070a500000, 0x000000070a600000|  0%| F|  |TS  0|AC  0|TAMS 0x000000070a500000, 0x000000070a500000|
| 166|0x000000070a600000, 0x000000070a600000, 0x000000070a700000|  0%| F|  |TS 37|AC  0|TAMS 0x000000070a600000, 0x000000070a600000|
| 167|0x000000070a700000, 0x000000070a7e3fa8, 0x000000070a800000| 89%| S|CS|TS 39|AC  0|TAMS 0x000000070a700000, 0x000000070a700000|
| 168|0x000000070a800000, 0x000000070a800000, 0x000000070a900000|  0%| F|  |TS 39|AC  0|TAMS 0x000000070a800000, 0x000000070a800000|
| 169|0x000000070a900000, 0x000000070a900000, 0x000000070aa00000|  0%| F|  |TS 39|AC  0|TAMS 0x000000070a900000, 0x000000070a900000|
| 170|0x000000070aa00000, 0x000000070aa00000, 0x000000070ab00000|  0%| F|  |TS 39|AC  0|TAMS 0x000000070aa00000, 0x000000070aa00000|
| 171|0x000000070ab00000, 0x000000070ab00000, 0x000000070ac00000|  0%| F|  |TS 39|AC  0|TAMS 0x000000070ab00000, 0x000000070ab00000|
| 172|0x000000070ac00000, 0x000000070ac00000, 0x000000070ad00000|  0%| F|  |TS 39|AC  0|TAMS 0x000000070ac00000, 0x000000070ac00000|
| 173|0x000000070ad00000, 0x000000070ad00000, 0x000000070ae00000|  0%| F|  |TS 39|AC  0|TAMS 0x000000070ad00000, 0x000000070ad00000|
| 174|0x000000070ae00000, 0x000000070ae10ff0, 0x000000070af00000|  6%| E|  |TS 39|AC  0|TAMS 0x000000070ae00000, 0x000000070ae00000|
| 175|0x000000070af00000, 0x000000070b000000, 0x000000070b000000|100%| E|CS|TS 39|AC  0|TAMS 0x000000070af00000, 0x000000070af00000|
| 176|0x000000070b000000, 0x000000070b100000, 0x000000070b100000|100%| E|CS|TS 39|AC  0|TAMS 0x000000070b000000, 0x000000070b000000|
| 177|0x000000070b100000, 0x000000070b200000, 0x000000070b200000|100%| E|CS|TS 39|AC  0|TAMS 0x000000070b100000, 0x000000070b100000|
| 178|0x000000070b200000, 0x000000070b300000, 0x000000070b300000|100%| E|CS|TS 39|AC  0|TAMS 0x000000070b200000, 0x000000070b200000|
| 179|0x000000070b300000, 0x000000070b400000, 0x000000070b400000|100%| E|CS|TS 39|AC  0|TAMS 0x000000070b300000, 0x000000070b300000|
| 180|0x000000070b400000, 0x000000070b500000, 0x000000070b500000|100%| E|CS|TS 39|AC  0|TAMS 0x000000070b400000, 0x000000070b400000|
| 181|0x000000070b500000, 0x000000070b600000, 0x000000070b600000|100%| E|CS|TS 39|AC  0|TAMS 0x000000070b500000, 0x000000070b500000|
| 182|0x000000070b600000, 0x000000070b700000, 0x000000070b700000|100%| E|CS|TS 39|AC  0|TAMS 0x000000070b600000, 0x000000070b600000|
| 183|0x000000070b700000, 0x000000070b800000, 0x000000070b800000|100%| E|CS|TS 39|AC  0|TAMS 0x000000070b700000, 0x000000070b700000|
| 184|0x000000070b800000, 0x000000070b900000, 0x000000070b900000|100%| E|CS|TS 39|AC  0|TAMS 0x000000070b800000, 0x000000070b800000|
| 185|0x000000070b900000, 0x000000070ba00000, 0x000000070ba00000|100%| E|CS|TS 39|AC  0|TAMS 0x000000070b900000, 0x000000070b900000|
| 186|0x000000070ba00000, 0x000000070bb00000, 0x000000070bb00000|100%| E|CS|TS 39|AC  0|TAMS 0x000000070ba00000, 0x000000070ba00000|
| 187|0x000000070bb00000, 0x000000070bc00000, 0x000000070bc00000|100%| E|CS|TS 39|AC  0|TAMS 0x000000070bb00000, 0x000000070bb00000|
| 188|0x000000070bc00000, 0x000000070bd00000, 0x000000070bd00000|100%| E|CS|TS 39|AC  0|TAMS 0x000000070bc00000, 0x000000070bc00000|
| 189|0x000000070bd00000, 0x000000070be00000, 0x000000070be00000|100%| E|CS|TS 39|AC  0|TAMS 0x000000070bd00000, 0x000000070bd00000|
| 190|0x000000070be00000, 0x000000070bf00000, 0x000000070bf00000|100%| E|CS|TS 39|AC  0|TAMS 0x000000070be00000, 0x000000070be00000|
| 191|0x000000070bf00000, 0x000000070c000000, 0x000000070c000000|100%| E|CS|TS 39|AC  0|TAMS 0x000000070bf00000, 0x000000070bf00000|
| 192|0x000000070c000000, 0x000000070c100000, 0x000000070c100000|100%| E|CS|TS 39|AC  0|TAMS 0x000000070c000000, 0x000000070c000000|
| 193|0x000000070c100000, 0x000000070c200000, 0x000000070c200000|100%| E|CS|TS 39|AC  0|TAMS 0x000000070c100000, 0x000000070c100000|
| 194|0x000000070c200000, 0x000000070c300000, 0x000000070c300000|100%| E|CS|TS 39|AC  0|TAMS 0x000000070c200000, 0x000000070c200000|
| 195|0x000000070c300000, 0x000000070c400000, 0x000000070c400000|100%| E|CS|TS 39|AC  0|TAMS 0x000000070c300000, 0x000000070c300000|
| 196|0x000000070c400000, 0x000000070c500000, 0x000000070c500000|100%| E|CS|TS 39|AC  0|TAMS 0x000000070c400000, 0x000000070c400000|
| 197|0x000000070c500000, 0x000000070c600000, 0x000000070c600000|100%| E|CS|TS 39|AC  0|TAMS 0x000000070c500000, 0x000000070c500000|
| 198|0x000000070c600000, 0x000000070c700000, 0x000000070c700000|100%| E|CS|TS 39|AC  0|TAMS 0x000000070c600000, 0x000000070c600000|
| 199|0x000000070c700000, 0x000000070c800000, 0x000000070c800000|100%| E|CS|TS 39|AC  0|TAMS 0x000000070c700000, 0x000000070c700000|
| 200|0x000000070c800000, 0x000000070c900000, 0x000000070c900000|100%| E|CS|TS 39|AC  0|TAMS 0x000000070c800000, 0x000000070c800000|
| 201|0x000000070c900000, 0x000000070ca00000, 0x000000070ca00000|100%| E|CS|TS 39|AC  0|TAMS 0x000000070c900000, 0x000000070c900000|
| 202|0x000000070ca00000, 0x000000070cb00000, 0x000000070cb00000|100%| E|CS|TS 39|AC  0|TAMS 0x000000070ca00000, 0x000000070ca00000|
| 203|0x000000070cb00000, 0x000000070cc00000, 0x000000070cc00000|100%| E|CS|TS 39|AC  0|TAMS 0x000000070cb00000, 0x000000070cb00000|
| 204|0x000000070cc00000, 0x000000070cd00000, 0x000000070cd00000|100%| E|CS|TS 39|AC  0|TAMS 0x000000070cc00000, 0x000000070cc00000|
| 205|0x000000070cd00000, 0x000000070ce00000, 0x000000070ce00000|100%| E|CS|TS 39|AC  0|TAMS 0x000000070cd00000, 0x000000070cd00000|
| 206|0x000000070ce00000, 0x000000070cf00000, 0x000000070cf00000|100%| E|CS|TS 39|AC  0|TAMS 0x000000070ce00000, 0x000000070ce00000|
| 207|0x000000070cf00000, 0x000000070d000000, 0x000000070d000000|100%| E|CS|TS 39|AC  0|TAMS 0x000000070cf00000, 0x000000070cf00000|
| 208|0x000000070d000000, 0x000000070d100000, 0x000000070d100000|100%| E|CS|TS 39|AC  0|TAMS 0x000000070d000000, 0x000000070d000000|
| 209|0x000000070d100000, 0x000000070d200000, 0x000000070d200000|100%| E|CS|TS 39|AC  0|TAMS 0x000000070d100000, 0x000000070d100000|
| 210|0x000000070d200000, 0x000000070d300000, 0x000000070d300000|100%| E|CS|TS 39|AC  0|TAMS 0x000000070d200000, 0x000000070d200000|
| 211|0x000000070d300000, 0x000000070d400000, 0x000000070d400000|100%| E|CS|TS 39|AC  0|TAMS 0x000000070d300000, 0x000000070d300000|
| 212|0x000000070d400000, 0x000000070d500000, 0x000000070d500000|100%| E|CS|TS 39|AC  0|TAMS 0x000000070d400000, 0x000000070d400000|
| 213|0x000000070d500000, 0x000000070d600000, 0x000000070d600000|100%| E|CS|TS 39|AC  0|TAMS 0x000000070d500000, 0x000000070d500000|
| 214|0x000000070d600000, 0x000000070d700000, 0x000000070d700000|100%| E|CS|TS 39|AC  0|TAMS 0x000000070d600000, 0x000000070d600000|
| 215|0x000000070d700000, 0x000000070d800000, 0x000000070d800000|100%| E|CS|TS 39|AC  0|TAMS 0x000000070d700000, 0x000000070d700000|
| 216|0x000000070d800000, 0x000000070d900000, 0x000000070d900000|100%| E|CS|TS 39|AC  0|TAMS 0x000000070d800000, 0x000000070d800000|
| 217|0x000000070d900000, 0x000000070da00000, 0x000000070da00000|100%| E|CS|TS 39|AC  0|TAMS 0x000000070d900000, 0x000000070d900000|
| 218|0x000000070da00000, 0x000000070db00000, 0x000000070db00000|100%| E|CS|TS 39|AC  0|TAMS 0x000000070da00000, 0x000000070da00000|
| 219|0x000000070db00000, 0x000000070dc00000, 0x000000070dc00000|100%| E|CS|TS 39|AC  0|TAMS 0x000000070db00000, 0x000000070db00000|
| 220|0x000000070dc00000, 0x000000070dd00000, 0x000000070dd00000|100%| E|CS|TS 39|AC  0|TAMS 0x000000070dc00000, 0x000000070dc00000|
| 221|0x000000070dd00000, 0x000000070de00000, 0x000000070de00000|100%| E|CS|TS 39|AC  0|TAMS 0x000000070dd00000, 0x000000070dd00000|
| 222|0x000000070de00000, 0x000000070df00000, 0x000000070df00000|100%| E|CS|TS 39|AC  0|TAMS 0x000000070de00000, 0x000000070de00000|
| 223|0x000000070df00000, 0x000000070e000000, 0x000000070e000000|100%| E|CS|TS 39|AC  0|TAMS 0x000000070df00000, 0x000000070df00000|
| 224|0x000000070e000000, 0x000000070e100000, 0x000000070e100000|100%| E|CS|TS 39|AC  0|TAMS 0x000000070e000000, 0x000000070e000000|
| 225|0x000000070e100000, 0x000000070e200000, 0x000000070e200000|100%| E|CS|TS 39|AC  0|TAMS 0x000000070e100000, 0x000000070e100000|
| 226|0x000000070e200000, 0x000000070e300000, 0x000000070e300000|100%| E|CS|TS 39|AC  0|TAMS 0x000000070e200000, 0x000000070e200000|
| 227|0x000000070e300000, 0x000000070e400000, 0x000000070e400000|100%| E|CS|TS 39|AC  0|TAMS 0x000000070e300000, 0x000000070e300000|

Card table byte_map: [0x00000153f0260000,0x00000153f0860000] byte_map_base: 0x00000153eca60000

Marking Bits (Prev, Next): (CMBitMap*) 0x00000153ee4a66a0, (CMBitMap*) 0x00000153ee4a66d8
 Prev Bits: [0x00000153fcce0000, 0x00000153ffce0000)
 Next Bits: [0x000001538f000000, 0x0000015392000000)

Polling page: 0x00000153e72f0000

CodeHeap 'non-profiled nmethods': size=120000Kb used=18737Kb max_used=18737Kb free=101262Kb
 bounds [0x0000015387ad0000, 0x0000015388d20000, 0x000001538f000000]
CodeHeap 'profiled nmethods': size=120000Kb used=42748Kb max_used=42748Kb free=77251Kb
 bounds [0x00000153805a0000, 0x0000015382f90000, 0x0000015387ad0000]
CodeHeap 'non-nmethods': size=5760Kb used=1756Kb max_used=1802Kb free=4003Kb
 bounds [0x0000015380000000, 0x0000015380270000, 0x00000153805a0000]
 total_blobs=28556 nmethods=16632 adapters=1074
 compilation: enabled

Compilation events (10 events):
Event: 686.041 Thread 0x00000153f5ccf800 19859       1       javax.swing.plaf.basic.BasicSplitPaneDivider::getBorder (5 bytes)
Event: 686.041 Thread 0x00000153f5ccf800 nmethod 19859 0x0000015388d1a990 code [0x0000015388d1ab40, 0x0000015388d1ac58]
Event: 686.155 Thread 0x00000153f5ccf800 19860       3       com.jidesoft.swing.SimpleScrollPane::getViewportBorderBounds (235 bytes)
Event: 686.158 Thread 0x00000153f5ccf800 nmethod 19860 0x0000015382f83710 code [0x0000015382f83a00, 0x0000015382f84f10]
Event: 686.158 Thread 0x00000153f5ccf800 19861       3       com.jidesoft.plaf.basic.BasicSidePaneUI::paint (178 bytes)
Event: 686.160 Thread 0x00000153f5ccf800 nmethod 19861 0x0000015382f85510 code [0x0000015382f857c0, 0x0000015382f86a00]
Event: 686.164 Thread 0x00000153f2dc7000 19862       4       javax.swing.plaf.synth.SynthPanelUI::update (37 bytes)
Event: 686.173 Thread 0x00000153f2dc7800 19863       4       de.javasoft.plaf.synthetica.SyntheticaLookAndFeel::findComponent (69 bytes)
Event: 686.199 Thread 0x00000153f2dc7800 nmethod 19863 0x0000015388d1ad10 code [0x0000015388d1af40, 0x0000015388d1bee8]
Event: 686.201 Thread 0x00000153f2dc7000 nmethod 19862 0x0000015388d1c690 code [0x0000015388d1c900, 0x0000015388d1dbd0]

GC Heap History (10 events):
Event: 675.983 GC heap before
{Heap before GC invocations=188 (full 66):
 garbage-first heap   total 233472K, used 137818K [0x0000000700000000, 0x0000000700100720, 0x00000007c0000000)
  region size 1024K, 60 young (61440K), 1 survivors (1024K)
 Metaspace       used 81331K, capacity 87341K, committed 87548K, reserved 1124352K
  class space    used 11144K, capacity 12209K, committed 12284K, reserved 1048576K
}
Event: 675.986 GC heap after
{Heap after GC invocations=189 (full 66):
 garbage-first heap   total 233472K, used 77438K [0x0000000700000000, 0x0000000700100720, 0x00000007c0000000)
  region size 1024K, 1 young (1024K), 1 survivors (1024K)
 Metaspace       used 81331K, capacity 87341K, committed 87548K, reserved 1124352K
  class space    used 11144K, capacity 12209K, committed 12284K, reserved 1048576K
}
Event: 680.719 GC heap before
{Heap before GC invocations=189 (full 66):
 garbage-first heap   total 233472K, used 137854K [0x0000000700000000, 0x0000000700100720, 0x00000007c0000000)
  region size 1024K, 60 young (61440K), 1 survivors (1024K)
 Metaspace       used 81349K, capacity 87341K, committed 87548K, reserved 1124352K
  class space    used 11144K, capacity 12209K, committed 12284K, reserved 1048576K
}
Event: 680.723 GC heap after
{Heap after GC invocations=190 (full 66):
 garbage-first heap   total 233472K, used 77397K [0x0000000700000000, 0x0000000700100720, 0x00000007c0000000)
  region size 1024K, 1 young (1024K), 1 survivors (1024K)
 Metaspace       used 81349K, capacity 87341K, committed 87548K, reserved 1124352K
  class space    used 11144K, capacity 12209K, committed 12284K, reserved 1048576K
}
Event: 682.701 GC heap before
{Heap before GC invocations=190 (full 66):
 garbage-first heap   total 233472K, used 137813K [0x0000000700000000, 0x0000000700100720, 0x00000007c0000000)
  region size 1024K, 60 young (61440K), 1 survivors (1024K)
 Metaspace       used 81361K, capacity 87469K, committed 87548K, reserved 1124352K
  class space    used 11144K, capacity 12209K, committed 12284K, reserved 1048576K
}
Event: 682.705 GC heap after
{Heap after GC invocations=191 (full 66):
 garbage-first heap   total 233472K, used 77886K [0x0000000700000000, 0x0000000700100720, 0x00000007c0000000)
  region size 1024K, 2 young (2048K), 2 survivors (2048K)
 Metaspace       used 81361K, capacity 87469K, committed 87548K, reserved 1124352K
  class space    used 11144K, capacity 12209K, committed 12284K, reserved 1048576K
}
Event: 683.427 GC heap before
{Heap before GC invocations=191 (full 66):
 garbage-first heap   total 233472K, used 137278K [0x0000000700000000, 0x0000000700100720, 0x00000007c0000000)
  region size 1024K, 60 young (61440K), 2 survivors (2048K)
 Metaspace       used 81363K, capacity 87469K, committed 87548K, reserved 1124352K
  class space    used 11144K, capacity 12209K, committed 12284K, reserved 1048576K
}
Event: 683.430 GC heap after
{Heap after GC invocations=192 (full 66):
 garbage-first heap   total 233472K, used 77475K [0x0000000700000000, 0x0000000700100720, 0x00000007c0000000)
  region size 1024K, 1 young (1024K), 1 survivors (1024K)
 Metaspace       used 81363K, capacity 87469K, committed 87548K, reserved 1124352K
  class space    used 11144K, capacity 12209K, committed 12284K, reserved 1048576K
}
Event: 683.713 GC heap before
{Heap before GC invocations=192 (full 66):
 garbage-first heap   total 233472K, used 137891K [0x0000000700000000, 0x0000000700100720, 0x00000007c0000000)
  region size 1024K, 60 young (61440K), 1 survivors (1024K)
 Metaspace       used 81368K, capacity 87469K, committed 87548K, reserved 1124352K
  class space    used 11144K, capacity 12209K, committed 12284K, reserved 1048576K
}
Event: 683.716 GC heap after
{Heap after GC invocations=193 (full 66):
 garbage-first heap   total 233472K, used 77496K [0x0000000700000000, 0x0000000700100720, 0x00000007c0000000)
  region size 1024K, 1 young (1024K), 1 survivors (1024K)
 Metaspace       used 81368K, capacity 87469K, committed 87548K, reserved 1124352K
  class space    used 11144K, capacity 12209K, committed 12284K, reserved 1048576K
}

Deoptimization events (10 events):
Event: 613.246 Thread 0x00000153940bc000 Uncommon trap: reason=unstable_if action=reinterpret pc=0x0000015388b42f14 method=ui.views.V.a.aw.a(Ljava/awt/Graphics;II)V @ 148 c2
Event: 661.306 Thread 0x00000153940bc000 Uncommon trap: reason=unstable_if action=reinterpret pc=0x0000015388a833c4 method=javax.swing.JComponent.processMouseMotionEvent(Ljava/awt/event/MouseEvent;)V @ 37 c2
Event: 684.974 Thread 0x00000153940bc000 Uncommon trap: reason=class_check action=maybe_recompile pc=0x0000015388469ac0 method=java.awt.Component.addNotify()V @ 200 c2
Event: 684.983 Thread 0x00000153940bc000 Uncommon trap: reason=class_check action=maybe_recompile pc=0x0000015388b25fc8 method=javax.swing.RepaintManager.scheduleHeavyWeightPaints()V @ 72 c2
Event: 684.983 Thread 0x00000153940bc000 Uncommon trap: reason=class_check action=maybe_recompile pc=0x0000015388afb8c4 method=javax.swing.RepaintManager$4.run()Ljava/lang/Void; @ 91 c2
Event: 684.987 Thread 0x00000153940bc000 Uncommon trap: reason=class_check action=maybe_recompile pc=0x0000015388af6934 method=javax.swing.RepaintManager.updateWindows(Ljava/util/Map;)V @ 79 c2
Event: 684.988 Thread 0x00000153940bc000 Uncommon trap: reason=speculate_class_check action=maybe_recompile pc=0x0000015388549138 method=java.awt.DefaultKeyboardFocusManager.dispatchEvent(Ljava/awt/AWTEvent;)Z @ 1467 c2
Event: 685.007 Thread 0x00000153940bc000 Uncommon trap: reason=class_check action=maybe_recompile pc=0x00000153888ff750 method=javax.swing.AbstractButton.setEnabled(Z)V @ 21 c2
Event: 686.041 Thread 0x00000153940bc000 Uncommon trap: reason=class_check action=maybe_recompile pc=0x0000015388276984 method=javax.swing.plaf.synth.ParsedSynthStyle$DelegatingPainter.paintPanelBackground(Ljavax/swing/plaf/synth/SynthContext;Ljava/awt/Graphics;IIII)V @ 16 c2
Event: 686.045 Thread 0x00000153940bc000 Uncommon trap: reason=class_check action=maybe_recompile pc=0x000001538854992c method=java.awt.DefaultKeyboardFocusManager.dispatchEvent(Ljava/awt/AWTEvent;)Z @ 507 c2

Classes redefined (0 events):
No events

Internal exceptions (10 events):
Event: 423.782 Thread 0x00000153f3b47000 Exception <a 'java/lang/InterruptedException'{0x000000070b788560}: sleep interrupted> (0x000000070b788560) thrown at [t:/workspace/hotspot/src/share/vm/prims/jvm.cpp, line 3023]
Event: 440.598 Thread 0x00000153940bc000 Exception <a 'java/lang/NoSuchMethodError'{0x000000070d2c02c8}: java.lang.invoke.DirectMethodHandle$Holder.invokeSpecial(Ljava/lang/Object;Ljava/lang/Object;Ljava/lang/Object;IILjava/lang/Object;Ljava/lang/Object;Ljava/lang/Object;Ljava/lang/Object;Ljava/
Event: 440.598 Thread 0x00000153940bc000 Exception <a 'java/lang/NoSuchMethodError'{0x000000070d2c4c40}: java.lang.invoke.DelegatingMethodHandle$Holder.reinvoke_L(Ljava/lang/Object;Ljava/lang/Object;IILjava/lang/Object;Ljava/lang/Object;Ljava/lang/Object;Ljava/lang/Object;Ljava/lang/Object;Ljava
Event: 440.600 Thread 0x00000153940bc000 Exception <a 'java/lang/NoSuchMethodError'{0x000000070d136e98}: java.lang.invoke.DirectMethodHandle$Holder.invokeSpecial(Ljava/lang/Object;Ljava/lang/Object;IILjava/lang/Object;Ljava/lang/Object;Ljava/lang/Object;Ljava/lang/Object;Ljava/lang/Object;Ljava/
Event: 440.600 Thread 0x00000153940bc000 Exception <a 'java/lang/NoSuchMethodError'{0x000000070d13afb8}: java.lang.invoke.DelegatingMethodHandle$Holder.reinvoke_L(Ljava/lang/Object;IILjava/lang/Object;Ljava/lang/Object;Ljava/lang/Object;Ljava/lang/Object;Ljava/lang/Object;Ljava/lang/Object;Ljava
Event: 440.602 Thread 0x00000153940bc000 Exception <a 'java/lang/NoSuchMethodError'{0x000000070d18bbe0}: java.lang.invoke.DirectMethodHandle$Holder.invokeSpecial(Ljava/lang/Object;Ljava/lang/Object;Ljava/lang/Object;Ljava/lang/Object;Ljava/lang/Object;Ljava/lang/Object;Ljava/lang/Object;Ljava/la
Event: 440.606 Thread 0x00000153940bc000 Exception <a 'java/lang/NoSuchMethodError'{0x000000070d017d28}: java.lang.invoke.DirectMethodHandle$Holder.invokeSpecial(Ljava/lang/Object;Ljava/lang/Object;IILjava/lang/Object;IILjava/lang/Object;Ljava/lang/Object;)Ljava/lang/Object;> (0x000000070d017d28
Event: 440.606 Thread 0x00000153940bc000 Exception <a 'java/lang/NoSuchMethodError'{0x000000070d01b588}: java.lang.invoke.DelegatingMethodHandle$Holder.reinvoke_L(Ljava/lang/Object;IILjava/lang/Object;IILjava/lang/Object;Ljava/lang/Object;)Ljava/lang/Object;> (0x000000070d01b588) thrown at [t:/w
Event: 440.608 Thread 0x00000153940bc000 Exception <a 'java/lang/NoSuchMethodError'{0x000000070d0715c8}: java.lang.invoke.DirectMethodHandle$Holder.invokeSpecial(Ljava/lang/Object;Ljava/lang/Object;Ljava/lang/Object;IILjava/lang/Object;Ljava/lang/Object;)Ljava/lang/Object;> (0x000000070d0715c8) 
Event: 452.284 Thread 0x00000153f3b40000 Implicit null exception at 0x0000015388af0ca4 to 0x0000015388af2ad1

Events (10 events):
Event: 685.019 Executing VM operation: BulkRevokeBias
Event: 685.019 Executing VM operation: BulkRevokeBias done
Event: 685.572 Thread 0x00000153f3b47000 Thread added: 0x00000153f3b47000
Event: 685.583 Thread 0x00000153f3b47000 Thread exited: 0x00000153f3b47000
Event: 686.041 Thread 0x00000153940bc000 Uncommon trap: trap_request=0xffffffde fr.pc=0x0000015388276984 relative=0x0000000000000b24
Event: 686.041 Thread 0x00000153940bc000 DEOPT PACKING pc=0x0000015388276984 sp=0x00000003cf8fac00
Event: 686.041 Thread 0x00000153940bc000 DEOPT UNPACKING pc=0x000001538004da29 sp=0x00000003cf8fab10 mode 2
Event: 686.045 Thread 0x00000153940bc000 Uncommon trap: trap_request=0xffffffde fr.pc=0x000001538854992c relative=0x000000000000432c
Event: 686.045 Thread 0x00000153940bc000 DEOPT PACKING pc=0x000001538854992c sp=0x00000003cf8f8440
Event: 686.045 Thread 0x00000153940bc000 DEOPT UNPACKING pc=0x000001538004da29 sp=0x00000003cf8f83f0 mode 2


Dynamic libraries:
0x00007ff6d02a0000 - 0x00007ff6d02d0000 	C:\Xilinx\Vivado\2019.1\bin\unwrapped\win64.o\vivado.exe
0x00007ffae6c40000 - 0x00007ffae6e49000 	C:\WINDOWS\SYSTEM32\ntdll.dll
0x00007ffae4ed0000 - 0x00007ffae4f8d000 	C:\WINDOWS\System32\KERNEL32.DLL
0x00007ffae43f0000 - 0x00007ffae476d000 	C:\WINDOWS\System32\KERNELBASE.dll
0x00007ffae4930000 - 0x00007ffae4a41000 	C:\WINDOWS\System32\ucrtbase.dll
0x00007ffab8230000 - 0x00007ffab82be000 	C:\WINDOWS\SYSTEM32\MSVCP140.dll
0x00007ffad1180000 - 0x00007ffad1194000 	C:\Xilinx\Vivado\2019.1\lib\win64.o\libboost_signals.dll
0x00007ffad21c0000 - 0x00007ffad21db000 	C:\WINDOWS\SYSTEM32\VCRUNTIME140.dll
0x00007ffad1160000 - 0x00007ffad1174000 	C:\Xilinx\Vivado\2019.1\lib\win64.o\librdi_commonmain.dll
0x00007ffae0ea0000 - 0x00007ffae0eac000 	C:\WINDOWS\SYSTEM32\VCRUNTIME140_1.dll
0x00007ffad81f0000 - 0x00007ffad81fa000 	C:\Xilinx\Vivado\2019.1\lib\win64.o\librdi_commonversion.dll
0x00007ffa9b850000 - 0x00007ffa9c732000 	C:\Xilinx\Vivado\2019.1\lib\win64.o\librdi_common.dll
0x00007ffacac30000 - 0x00007ffacac56000 	C:\Xilinx\Vivado\2019.1\lib\win64.o\libboost_filesystem.dll
0x00007ffae4c70000 - 0x00007ffae4d1e000 	C:\WINDOWS\System32\ADVAPI32.dll
0x00007ffae4f90000 - 0x00007ffae5033000 	C:\WINDOWS\System32\msvcrt.dll
0x00007ffae4d20000 - 0x00007ffae4ecd000 	C:\WINDOWS\System32\USER32.dll
0x00007ffae5780000 - 0x00007ffae581e000 	C:\WINDOWS\System32\sechost.dll
0x00007ffae4900000 - 0x00007ffae4926000 	C:\WINDOWS\System32\win32u.dll
0x00007ffab0d70000 - 0x00007ffab0e91000 	C:\Xilinx\Vivado\2019.1\lib\win64.o\librdi_commonxillic.dll
0x00007ffae6410000 - 0x00007ffae6439000 	C:\WINDOWS\System32\GDI32.dll
0x00007ffae5e80000 - 0x00007ffae5fa0000 	C:\WINDOWS\System32\RPCRT4.dll
0x0000000072c00000 - 0x0000000072d2b000 	C:\Xilinx\Vivado\2019.1\lib\win64.o\tcl85t.dll
0x00007ffae4770000 - 0x00007ffae4888000 	C:\WINDOWS\System32\gdi32full.dll
0x00007ffae56a0000 - 0x00007ffae570f000 	C:\WINDOWS\System32\WS2_32.dll
0x00007ffae4350000 - 0x00007ffae43ed000 	C:\WINDOWS\System32\msvcp_win.dll
0x00007ffad5fc0000 - 0x00007ffad5fcb000 	C:\Xilinx\Vivado\2019.1\lib\win64.o\libboost_system.dll
0x00007ffae6440000 - 0x00007ffae6bf8000 	C:\WINDOWS\System32\SHELL32.dll
0x00007ffaa8990000 - 0x00007ffaa8cfe000 	C:\Xilinx\Vivado\2019.1\lib\win64.o\libCOIN-all.dll
0x00007ffad0960000 - 0x00007ffad0974000 	C:\Xilinx\Vivado\2019.1\lib\win64.o\libboost_date_time.dll
0x00007ffab3690000 - 0x00007ffab370f000 	C:\Xilinx\Vivado\2019.1\lib\win64.o\libboost_program_options.dll
0x00007ffaadb70000 - 0x00007ffaadc84000 	C:\Xilinx\Vivado\2019.1\lib\win64.o\libboost_regex.dll
0x00007ffac7830000 - 0x00007ffac7851000 	C:\Xilinx\Vivado\2019.1\lib\win64.o\libboost_thread.dll
0x00007ffab1880000 - 0x00007ffab1925000 	C:\Xilinx\Vivado\2019.1\lib\win64.o\libhdxml.dll
0x00007ffab2460000 - 0x00007ffab24e2000 	C:\Xilinx\Vivado\2019.1\lib\win64.o\libhdlpsolve.dll
0x00007ffad5d80000 - 0x00007ffad5d8f000 	C:\Xilinx\Vivado\2019.1\lib\win64.o\libboost_xilinx.dll
0x00007ffac1e70000 - 0x00007ffac1ed5000 	C:\Xilinx\Vivado\2019.1\lib\win64.o\liblmx6.0.dll
0x00007ffac76b0000 - 0x00007ffac76de000 	C:\Xilinx\Vivado\2019.1\lib\win64.o\libisl_sysinfo.dll
0x00007ffac8250000 - 0x00007ffac826a000 	C:\Xilinx\Vivado\2019.1\lib\win64.o\pthreadVC2.dll
0x00007ffac7e70000 - 0x00007ffac7e8c000 	C:\Xilinx\Vivado\2019.1\lib\win64.o\librdiconfig.dll
0x00007ffac3310000 - 0x00007ffac3331000 	C:\Xilinx\Vivado\2019.1\lib\win64.o\librdizlib.dll
0x0000000012000000 - 0x0000000012270000 	C:\Xilinx\Vivado\2019.1\lib\win64.o\xerces-c_3_1.dll
0x00007ffa9f670000 - 0x00007ffa9f948000 	C:\Xilinx\Vivado\2019.1\lib\win64.o\libXil_lmgr11.dll
0x00007ffae53f0000 - 0x00007ffae54dc000 	C:\WINDOWS\System32\COMDLG32.dll
0x00007ffae5fb0000 - 0x00007ffae6329000 	C:\WINDOWS\System32\combase.dll
0x00007ffae5170000 - 0x00007ffae525a000 	C:\WINDOWS\System32\shcore.dll
0x00007ffae5110000 - 0x00007ffae516d000 	C:\WINDOWS\System32\SHLWAPI.dll
0x00007ffad2c20000 - 0x00007ffad2c3a000 	C:\WINDOWS\SYSTEM32\NETAPI32.dll
0x00007ffacec70000 - 0x00007ffacf16a000 	C:\WINDOWS\SYSTEM32\WININET.dll
0x00007ffadeab0000 - 0x00007ffadebbc000 	C:\WINDOWS\SYSTEM32\WINHTTP.dll
0x00007ffae6330000 - 0x00007ffae6406000 	C:\WINDOWS\System32\OLEAUT32.dll
0x00007ffadbb90000 - 0x00007ffadbd7f000 	C:\WINDOWS\SYSTEM32\urlmon.dll
0x00007ffae4ad0000 - 0x00007ffae4c6a000 	C:\WINDOWS\System32\ole32.dll
0x00007ffae4890000 - 0x00007ffae48f7000 	C:\WINDOWS\System32\WINTRUST.dll
0x00007ffae4120000 - 0x00007ffae4282000 	C:\WINDOWS\System32\CRYPT32.dll
0x00007ffac2150000 - 0x00007ffac2181000 	C:\WINDOWS\SYSTEM32\VCOMP140.DLL
0x00007ffad5cb0000 - 0x00007ffad5cb9000 	C:\WINDOWS\SYSTEM32\WSOCK32.dll
0x00007ffa9a9b0000 - 0x00007ffa9b841000 	C:\Xilinx\Vivado\2019.1\lib\win64.o\gurobi65.dll
0x00007ffad5070000 - 0x00007ffad507d000 	C:\Xilinx\Vivado\2019.1\lib\win64.o\libboost_chrono.dll
0x00007ffac8860000 - 0x00007ffac8912000 	C:\WINDOWS\WinSxS\amd64_microsoft.windows.common-controls_6595b64144ccf1df_5.82.22000.1_none_271a8fad6a2d1b1e\COMCTL32.dll
0x00007ffae2d40000 - 0x00007ffae2d4c000 	C:\WINDOWS\SYSTEM32\netutils.dll
0x00007ffadb800000 - 0x00007ffadbab3000 	C:\WINDOWS\SYSTEM32\iertutil.dll
0x00007ffadac90000 - 0x00007ffadacb8000 	C:\WINDOWS\SYSTEM32\srvcli.dll
0x00007ffadf120000 - 0x00007ffadf13e000 	C:\WINDOWS\SYSTEM32\dhcpcsvc.DLL
0x00007ffa9fbe0000 - 0x00007ffaa078f400 	C:\Xilinx\Vivado\2019.1\lib\win64.o\libisl_iostreams.dll
0x00007ffac3890000 - 0x00007ffac38ab000 	C:\Xilinx\Vivado\2019.1\lib\win64.o\libboost_iostreams.dll
0x00007ffac1db0000 - 0x00007ffac1dd5000 	C:\Xilinx\Vivado\2019.1\lib\win64.o\libisl_iosutils.dll
0x00007ffae5040000 - 0x00007ffae5071000 	C:\WINDOWS\System32\IMM32.DLL
0x00007ffae38f0000 - 0x00007ffae3902000 	C:\WINDOWS\SYSTEM32\MSASN1.dll
0x00007ffae3220000 - 0x00007ffae3238000 	C:\WINDOWS\SYSTEM32\kernel.appcore.dll
0x00007ffa9f150000 - 0x00007ffa9f667000 	C:\Xilinx\Vivado\2019.1\lib\win64.o\librdi_commontasks.dll
0x00007ffadd070000 - 0x00007ffadd07a000 	C:\WINDOWS\SYSTEM32\VERSION.dll
0x00007ffaac830000 - 0x00007ffaacab6000 	C:\Xilinx\Vivado\2019.1\lib\win64.o\librdi_sio.dll
0x00007ffae2d50000 - 0x00007ffae2d7d000 	C:\WINDOWS\SYSTEM32\IPHLPAPI.DLL
0x00000000721d0000 - 0x0000000072bf5000 	C:\Xilinx\Vivado\2019.1\tps\win64\jre9.0.4\bin\server\jvm.dll
0x00007ffae5fa0000 - 0x00007ffae5fa8000 	C:\WINDOWS\System32\PSAPI.DLL
0x00007ffadecb0000 - 0x00007ffadece3000 	C:\WINDOWS\SYSTEM32\WINMM.dll
0x00007ffacfb40000 - 0x00007ffacfc2f000 	C:\WINDOWS\SYSTEM32\MSVCR120.dll
0x00007ffae3650000 - 0x00007ffae36b7000 	C:\WINDOWS\SYSTEM32\MSWSOCK.DLL
0x00007ffae2290000 - 0x00007ffae2af8000 	C:\WINDOWS\SYSTEM32\windows.storage.dll
0x00007ffae2120000 - 0x00007ffae2286000 	C:\WINDOWS\SYSTEM32\wintypes.dll
0x00007ffa88900000 - 0x00007ffa8adbc000 	C:\Xilinx\Vivado\2019.1\lib\win64.o\librdi_tcltasks.dll
0x00007ffab2040000 - 0x00007ffab20b8000 	C:\Xilinx\Vivado\2019.1\lib\win64.o\librdi_boarddep.dll
0x00007ffa9a5a0000 - 0x00007ffa9a9a8000 	C:\Xilinx\Vivado\2019.1\lib\win64.o\librdi_bitstream.dll
0x00007ffaacb80000 - 0x00007ffaacd11000 	C:\Xilinx\Vivado\2019.1\lib\win64.o\librdi_board.dll
0x00007ffaad2c0000 - 0x00007ffaad3ab000 	C:\Xilinx\Vivado\2019.1\lib\win64.o\librdi_chipscope.dll
0x00007ffaa2e60000 - 0x00007ffaa301d000 	C:\Xilinx\Vivado\2019.1\lib\win64.o\librdi_chipscopeimpl.dll
0x00007ffaa0960000 - 0x00007ffaa0ab6000 	C:\Xilinx\Vivado\2019.1\lib\win64.o\librdi_containers.dll
0x00007ffa86a40000 - 0x00007ffa888f1000 	C:\Xilinx\Vivado\2019.1\lib\win64.o\librdi_coregen.dll
0x00007ffa99ec0000 - 0x00007ffa9a59a000 	C:\Xilinx\Vivado\2019.1\lib\win64.o\librdi_coregenipxact.dll
0x00007ffa91bb0000 - 0x00007ffa9359a000 	C:\Xilinx\Vivado\2019.1\lib\win64.o\librdi_constraints.dll
0x00007ffa5c690000 - 0x00007ffa6eabc000 	C:\Xilinx\Vivado\2019.1\lib\win64.o\librdi_device.dll
0x00007ffab0950000 - 0x00007ffab0a14000 	C:\Xilinx\Vivado\2019.1\lib\win64.o\librdi_dsp.dll
0x00007ffa99ba0000 - 0x00007ffa99ebe000 	C:\Xilinx\Vivado\2019.1\lib\win64.o\librdi_dlyest.dll
0x00007ffa99600000 - 0x00007ffa99b9a000 	C:\Xilinx\Vivado\2019.1\lib\win64.o\librdi_drc.dll
0x00007ffa829f0000 - 0x00007ffa86a33000 	C:\Xilinx\Vivado\2019.1\lib\win64.o\librdi_designutils.dll
0x00007ffab38e0000 - 0x00007ffab3945000 	C:\Xilinx\Vivado\2019.1\lib\win64.o\librdi_hdf.dll
0x00007ffa97300000 - 0x00007ffa975e3000 	C:\Xilinx\Vivado\2019.1\lib\win64.o\librdi_guitools.dll
0x00007ffa91560000 - 0x00007ffa91bad000 	C:\Xilinx\Vivado\2019.1\lib\win64.o\librdi_filemgmt.dll
0x00007ffa5b0d0000 - 0x00007ffa5c690000 	C:\Xilinx\Vivado\2019.1\lib\win64.o\librdi_implflow.dll
0x00007ffab1c60000 - 0x00007ffab1cd3000 	C:\Xilinx\Vivado\2019.1\lib\win64.o\librdi_memoryarray.dll
0x00007ffa583e0000 - 0x00007ffa5b0c6000 	C:\Xilinx\Vivado\2019.1\lib\win64.o\librdi_mig.dll
0x00007ffa82340000 - 0x00007ffa829e2000 	C:\Xilinx\Vivado\2019.1\lib\win64.o\librdi_netlist.dll
0x00007ffab9db0000 - 0x00007ffab9dfb000 	C:\Xilinx\Vivado\2019.1\lib\win64.o\librdi_pfi.dll
0x00007ffa962e0000 - 0x00007ffa965ef000 	C:\Xilinx\Vivado\2019.1\lib\win64.o\librdi_platform.dll
0x00007ffa902a0000 - 0x00007ffa908b5000 	C:\Xilinx\Vivado\2019.1\lib\win64.o\librdi_memdata.dll
0x00007ffa55d60000 - 0x00007ffa583d6000 	C:\Xilinx\Vivado\2019.1\lib\win64.o\librdi_place.dll
0x00007ffa81bf0000 - 0x00007ffa8233a000 	C:\Xilinx\Vivado\2019.1\lib\win64.o\librdi_power.dll
0x00007ffa81540000 - 0x00007ffa81abf000 	C:\Xilinx\Vivado\2019.1\lib\win64.o\librdi_project.dll
0x00007ffa55650000 - 0x00007ffa55d59000 	C:\Xilinx\Vivado\2019.1\lib\win64.o\librdi_psta.dll
0x00007ffa54f40000 - 0x00007ffa55646000 	C:\Xilinx\Vivado\2019.1\lib\win64.o\librdi_rsb.dll
0x00007ffa9fae0000 - 0x00007ffa9fbda000 	C:\Xilinx\Vivado\2019.1\lib\win64.o\librdi_runsbase.dll
0x00007ffa91160000 - 0x00007ffa91551000 	C:\Xilinx\Vivado\2019.1\lib\win64.o\librdi_runs.dll
0x00007ffa9eef0000 - 0x00007ffa9f146000 	C:\Xilinx\Vivado\2019.1\lib\win64.o\librdi_simdata.dll
0x00007ffa90120000 - 0x00007ffa90292000 	C:\Xilinx\Vivado\2019.1\lib\win64.o\librdi_advchipscopeimpl.dll
0x00007ffa54120000 - 0x00007ffa54f31000 	C:\Xilinx\Vivado\2019.1\lib\win64.o\librdi_timing.dll
0x00007ffab8430000 - 0x00007ffab847c000 	C:\Xilinx\Vivado\2019.1\lib\win64.o\libboost_serialization.dll
0x00007ffa8e020000 - 0x00007ffa8e1bf000 	C:\Xilinx\Vivado\2019.1\lib\win64.o\librdi_hip_devdesign.dll
0x00007ffab05f0000 - 0x00007ffab06b2000 	C:\Xilinx\Vivado\2019.1\lib\win64.o\librdi_ipconfig_readwrite.dll
0x00007ffab19c0000 - 0x00007ffab1a03000 	C:\Xilinx\Vivado\2019.1\lib\win64.o\librdi_noc_frameworks.dll
0x00007ffab3650000 - 0x00007ffab3690000 	C:\Xilinx\Vivado\2019.1\lib\win64.o\librdi_wavedata_SimpleApi.dll
0x00007ffab0ba0000 - 0x00007ffab0c3e000 	C:\Xilinx\Vivado\2019.1\lib\win64.o\libise.dll
0x00007ffa52fd0000 - 0x00007ffa535cc000 	C:\Xilinx\Vivado\2019.1\lib\win64.o\librdi_wavedata.dll
0x00007ffa535d0000 - 0x00007ffa54117000 	C:\Xilinx\Vivado\2019.1\lib\win64.o\libverific.dll
0x00007ffa8cb40000 - 0x00007ffa8cf25000 	C:\Xilinx\Vivado\2019.1\lib\win64.o\librdi_hip_config.dll
0x00007ffa52a80000 - 0x00007ffa52fce000 	C:\Xilinx\Vivado\2019.1\lib\win64.o\librdi_xdm.dll
0x00007ffab1980000 - 0x00007ffab19bf000 	C:\Xilinx\Vivado\2019.1\lib\win64.o\librdi_schedmon.dll
0x00007ffa518f0000 - 0x00007ffa52a7d000 	C:\Xilinx\Vivado\2019.1\lib\win64.o\librdi_route.dll
0x00007ffa8ddc0000 - 0x00007ffa8e019000 	C:\Xilinx\Vivado\2019.1\lib\win64.o\librdi_hsm.dll

VM Arguments:
jvm_args: -Dsun.java2d.pmoffscreen=false -Dsun.java2d.xrender=false -Dsun.java2d.d3d=false -Dsun.awt.nopixfmt=true -Dsun.java2d.dpiaware=true -Dsun.java2d.uiScale.enabled=false -Xverify:none -Dswing.aatext=true -XX:-UsePerfData -Djdk.map.althashing.threshold=512 -XX:StringTableSize=4072 --add-opens=java.base/java.nio=ALL-UNNAMED --add-opens=java.desktop/sun.swing=ALL-UNNAMED --add-opens=java.desktop/javax.swing=ALL-UNNAMED --add-opens=java.desktop/javax.swing.tree=ALL-UNNAMED --add-opens=java.desktop/javax.swing.plaf.basic=ALL-UNNAMED --add-opens=java.desktop/javax.swing.plaf.synth=ALL-UNNAMED --add-opens=java.desktop/com.sun.awt=ALL-UNNAMED -XX:NewSize=60m -XX:MaxNewSize=60m -Xms128m -Xmx3072m -Xss5m 
java_command: <unknown>
java_class_path (initial): C:/Xilinx/Vivado/2019.1\lib\classes\alloy.jar;C:/Xilinx/Vivado/2019.1\lib\classes\autopilot.scelaborator.jar;C:/Xilinx/Vivado/2019.1\lib\classes\autopilot.sourceprocessor.jar;C:/Xilinx/Vivado/2019.1\lib\classes\autopilot.tbprocessor.jar;C:/Xilinx/Vivado/2019.1\lib\classes\batik-anim.jar;C:/Xilinx/Vivado/2019.1\lib\classes\batik-awt-util.jar;C:/Xilinx/Vivado/2019.1\lib\classes\batik-bridge.jar;C:/Xilinx/Vivado/2019.1\lib\classes\batik-codec.jar;C:/Xilinx/Vivado/2019.1\lib\classes\batik-css.jar;C:/Xilinx/Vivado/2019.1\lib\classes\batik-dom.jar;C:/Xilinx/Vivado/2019.1\lib\classes\batik-ext.jar;C:/Xilinx/Vivado/2019.1\lib\classes\batik-gui-util.jar;C:/Xilinx/Vivado/2019.1\lib\classes\batik-gvt.jar;C:/Xilinx/Vivado/2019.1\lib\classes\batik-parser.jar;C:/Xilinx/Vivado/2019.1\lib\classes\batik-script.jar;C:/Xilinx/Vivado/2019.1\lib\classes\batik-svg-dom.jar;C:/Xilinx/Vivado/2019.1\lib\classes\batik-swing.jar;C:/Xilinx/Vivado/2019.1\lib\classes\batik-transcoder.jar;C:/Xilinx/Vivado/2019.1\lib\classes\batik-util.jar;C:/Xilinx/Vivado/2019.1\lib\classes\batik-xml.jar;C:/Xilinx/Vivado/2019.1\lib\classes\com.google.gson_2.7.0.v20170129-0911.jar;C:/Xilinx/Vivado/2019.1\lib\classes\com.google.guava_21.0.0.v20170206-1425.jar;C:/Xilinx/Vivado/2019.1\lib\classes\com.google.inject_3.0.0.v201605172100.jar;C:/Xilinx/Vivado/2019.1\lib\classes\com.ibm.icu_4.4.2.v20110208.jar;C:/Xilinx/Vivado/2019.1\lib\classes\com.sigasi.hdt.annotations.runtime_4.3.0.201903071210.jar;C:/Xilinx/Vivado/2019.1\lib\classes\com.sigasi.hdt.blockdiagram.model_4.3.0.201903071210.jar;C:/Xilinx/Vivado/2019.1\lib\classes\com.sigasi.hdt.connection_4.3.0.201903071210.jar;C:/Xilinx/Vivado/2019.1\lib\classes\com.sigasi.hdt.dependencies.model_4.3.0.201903071210.jar;C:/Xilinx/Vivado/2019.1\lib\classes\com.sigasi.hdt.epl_4.3.0.201903071210.jar;C:/Xilinx/Vivado/2019.1\lib\classes\com.sigasi.hdt.graphics.model_4.3.0.201903071210.jar;C:/Xilinx/Vivado/2019.1\lib\classes\com.sigasi.hdt.project_4.3.0
Launcher Type: generic

Logging:
Log output configuration:
#0: stdout all=warning uptime,level,tags
#1: stderr all=off uptime,level,tags

Environment Variables:
PATH=C:/Xilinx/Vivado/2019.1/bin;C:/Xilinx/Vivado/2019.1/lib/win64.o;C:/Xilinx/Vivado/2019.1/tps/win64/jre9.0.4/bin/server;C:/Xilinx/Vivado/2019.1/tps/win64/jre9.0.4/bin;C:/Xilinx/SDK/2019.1/bin;C:/Xilinx/Vivado/2019.1/ids_lite/ISE/bin/nt64;C:/Xilinx/Vivado/2019.1/ids_lite/ISE/lib/nt64;C:\Program Files (x86)\ActiveState Komodo Edit 12\;C:\Python310\Scripts\;C:\Python310\;C:\Program Files (x86)\Common Files\Oracle\Java\javapath;C:\Program Files\Common Files\Oracle\Java\javapath;C:\WINDOWS\system32;C:\WINDOWS;C:\WINDOWS\System32\Wbem;C:\WINDOWS\System32\WindowsPowerShell\v1.0\;C:\WINDOWS\System32\OpenSSH\;C:\Program Files\Microsoft SQL Server\130\Tools\Binn\;C:\Program Files\MySQL\MySQL Server 8.0\bin;C:\cygwin64\bin;C:\Program Files\dotnet\;C:\Program Files\Git\cmd;C:\Program Files\nodejs\;C:\ProgramData\chocolatey\bin;D:\omnetpp-4.6-src-windows;D:\omnetpp-4.6-src-windows\omnetpp-4.6\include;C:\Program Files (x86)\IVI Foundation\VISA\WinNT\Bin\;C:\Program Files\IVI Foundation\VISA\Win64\Bin\;C:\Strawberry\c\bin;C:\Strawberry\perl\site\bin;C:\Strawberry\perl\bin;C:\Users\As_a_Guest\AppData\Local\Microsoft\WindowsApps;;C:/Xilinx/Vivado/2019.1\tps\mingw\6.2.0\win64.o\nt\bin;C:/Xilinx/Vivado/2019.1\tps\mingw\6.2.0\win64.o\nt\libexec\gcc\x86_64-w64-mingw32\6.2.0;C:/Xilinx/Vivado/2019.1\tps\win64\python-2.7.5;C:/Xilinx/Vivado/2019.1\tps\win64\python-2.7.5\lib;C:/Xilinx/Vivado/2019.1\tps\win64\python-2.7.5\Lib\lib-tk;C:/Xilinx/Vivado/2019.1\tps\win64\python-2.7.5\lib\site-packages
USERNAME=As_a_Guest
OS=Windows_NT
PROCESSOR_IDENTIFIER=AMD64 Family 23 Model 24 Stepping 1, AuthenticAMD



---------------  S Y S T E M  ---------------

OS: Windows 10 , 64 bit Build 22000 (10.0.22000.708)

CPU:total 8 (initial active 8) (8 cores per cpu, 1 threads per core) family 23 model 24 stepping 1, cmov, cx8, fxsr, mmx, sse, sse2, sse3, ssse3, sse4.1, sse4.2, popcnt, avx, avx2, aes, clmul, mmxext, 3dnowpref, lzcnt, sse4a, tsc, tscinvbit, tscinv, bmi1

Memory: 4k page, physical 6203348k(1259684k free), swap 10659796k(3037256k free)

vm_info: Java HotSpot(TM) 64-Bit Server VM (9.0.4+11) for windows-amd64 JRE (9.0.4+11), built on Dec 20 2017 02:18:54 by "mach5one" with MS VC++ 12.0 (VS2013)

END.
